2022-04-08 13:58:49,744 [myid:] - INFO  [main:o.a.z.s.q.QuorumPeerConfig@177] - Reading configuration from: /Users/rodrigopinto/Desktop/IST/Masters/3º Quarter/SEC/Project/BFTB/BFTB-SEC/apache-zookeeper-3.8.0-bin/bin/../conf/zoo.cfg
2022-04-08 13:58:49,751 [myid:] - WARN  [main:o.a.z.s.u.VerifyingFileFactory@65] - ../../zookeeper/data is relative. Prepend ./ to indicate that you're sure!
2022-04-08 13:58:49,755 [myid:] - INFO  [main:o.a.z.s.q.QuorumPeerConfig@440] - clientPortAddress is 0.0.0.0:2181
2022-04-08 13:58:49,756 [myid:] - INFO  [main:o.a.z.s.q.QuorumPeerConfig@444] - secureClientPort is not set
2022-04-08 13:58:49,756 [myid:] - INFO  [main:o.a.z.s.q.QuorumPeerConfig@460] - observerMasterPort is not set
2022-04-08 13:58:49,757 [myid:] - INFO  [main:o.a.z.s.q.QuorumPeerConfig@477] - metricsProvider.className is org.apache.zookeeper.metrics.impl.DefaultMetricsProvider
2022-04-08 13:58:49,759 [myid:] - INFO  [main:o.a.z.s.DatadirCleanupManager@78] - autopurge.snapRetainCount set to 3
2022-04-08 13:58:49,760 [myid:] - INFO  [main:o.a.z.s.DatadirCleanupManager@79] - autopurge.purgeInterval set to 0
2022-04-08 13:58:49,760 [myid:] - INFO  [main:o.a.z.s.DatadirCleanupManager@101] - Purge task is not scheduled.
2022-04-08 13:58:49,760 [myid:] - WARN  [main:o.a.z.s.q.QuorumPeerMain@139] - Either no config or no quorum defined in config, running in standalone mode
2022-04-08 13:58:49,762 [myid:] - INFO  [main:o.a.z.j.ManagedUtil@46] - Log4j 1.2 jmx support not found; jmx disabled.
2022-04-08 13:58:49,763 [myid:] - INFO  [main:o.a.z.s.q.QuorumPeerConfig@177] - Reading configuration from: /Users/rodrigopinto/Desktop/IST/Masters/3º Quarter/SEC/Project/BFTB/BFTB-SEC/apache-zookeeper-3.8.0-bin/bin/../conf/zoo.cfg
2022-04-08 13:58:49,764 [myid:] - WARN  [main:o.a.z.s.u.VerifyingFileFactory@65] - ../../zookeeper/data is relative. Prepend ./ to indicate that you're sure!
2022-04-08 13:58:49,765 [myid:] - INFO  [main:o.a.z.s.q.QuorumPeerConfig@440] - clientPortAddress is 0.0.0.0:2181
2022-04-08 13:58:49,765 [myid:] - INFO  [main:o.a.z.s.q.QuorumPeerConfig@444] - secureClientPort is not set
2022-04-08 13:58:49,765 [myid:] - INFO  [main:o.a.z.s.q.QuorumPeerConfig@460] - observerMasterPort is not set
2022-04-08 13:58:49,765 [myid:] - INFO  [main:o.a.z.s.q.QuorumPeerConfig@477] - metricsProvider.className is org.apache.zookeeper.metrics.impl.DefaultMetricsProvider
2022-04-08 13:58:49,765 [myid:] - INFO  [main:o.a.z.s.ZooKeeperServerMain@123] - Starting server
2022-04-08 13:58:49,780 [myid:] - INFO  [main:o.a.z.s.ServerMetrics@64] - ServerMetrics initialized with provider org.apache.zookeeper.metrics.impl.DefaultMetricsProvider@6ae5aa72
2022-04-08 13:58:49,784 [myid:] - INFO  [main:o.a.z.s.a.DigestAuthenticationProvider@47] - ACL digest algorithm is: SHA1
2022-04-08 13:58:49,784 [myid:] - INFO  [main:o.a.z.s.a.DigestAuthenticationProvider@61] - zookeeper.DigestAuthenticationProvider.enabled = true
2022-04-08 13:58:49,787 [myid:] - INFO  [main:o.a.z.s.p.FileTxnSnapLog@124] - zookeeper.snapshot.trust.empty : false
2022-04-08 13:58:49,802 [myid:] - INFO  [main:o.a.z.ZookeeperBanner@42] - 
2022-04-08 13:58:49,806 [myid:] - INFO  [main:o.a.z.ZookeeperBanner@42] -   ______                  _                                          
2022-04-08 13:58:49,806 [myid:] - INFO  [main:o.a.z.ZookeeperBanner@42] -  |___  /                 | |                                         
2022-04-08 13:58:49,806 [myid:] - INFO  [main:o.a.z.ZookeeperBanner@42] -     / /    ___     ___   | | __   ___    ___   _ __     ___   _ __   
2022-04-08 13:58:49,826 [myid:] - INFO  [main:o.a.z.ZookeeperBanner@42] -    / /    / _ \   / _ \  | |/ /  / _ \  / _ \ | '_ \   / _ \ | '__|
2022-04-08 13:58:49,826 [myid:] - INFO  [main:o.a.z.ZookeeperBanner@42] -   / /__  | (_) | | (_) | |   <  |  __/ |  __/ | |_) | |  __/ | |    
2022-04-08 13:58:49,827 [myid:] - INFO  [main:o.a.z.ZookeeperBanner@42] -  /_____|  \___/   \___/  |_|\_\  \___|  \___| | .__/   \___| |_|
2022-04-08 13:58:49,827 [myid:] - INFO  [main:o.a.z.ZookeeperBanner@42] -                                               | |                     
2022-04-08 13:58:49,827 [myid:] - INFO  [main:o.a.z.ZookeeperBanner@42] -                                               |_|                     
2022-04-08 13:58:49,827 [myid:] - INFO  [main:o.a.z.ZookeeperBanner@42] - 
2022-04-08 13:58:49,831 [myid:] - INFO  [main:o.a.z.Environment@98] - Server environment:zookeeper.version=3.8.0-5a02a05eddb59aee6ac762f7ea82e92a68eb9c0f, built on 2022-02-25 08:49 UTC
2022-04-08 13:58:49,831 [myid:] - INFO  [main:o.a.z.Environment@98] - Server environment:host.name=rodrigos-mbp-2.home
2022-04-08 13:58:49,832 [myid:] - INFO  [main:o.a.z.Environment@98] - Server environment:java.version=12.0.1
2022-04-08 13:58:49,832 [myid:] - INFO  [main:o.a.z.Environment@98] - Server environment:java.vendor=Oracle Corporation
2022-04-08 13:58:49,832 [myid:] - INFO  [main:o.a.z.Environment@98] - Server environment:java.home=/Library/Java/JavaVirtualMachines/jdk-12.0.1.jdk/Contents/Home
2022-04-08 13:58:49,832 [myid:] - INFO  [main:o.a.z.Environment@98] - Server environment:java.class.path=/Users/rodrigopinto/Desktop/IST/Masters/3º Quarter/SEC/Project/BFTB/BFTB-SEC/apache-zookeeper-3.8.0-bin/bin/../zookeeper-server/target/classes:/Users/rodrigopinto/Desktop/IST/Masters/3º Quarter/SEC/Project/BFTB/BFTB-SEC/apache-zookeeper-3.8.0-bin/bin/../build/classes:/Users/rodrigopinto/Desktop/IST/Masters/3º Quarter/SEC/Project/BFTB/BFTB-SEC/apache-zookeeper-3.8.0-bin/bin/../zookeeper-server/target/lib/*.jar:/Users/rodrigopinto/Desktop/IST/Masters/3º Quarter/SEC/Project/BFTB/BFTB-SEC/apache-zookeeper-3.8.0-bin/bin/../build/lib/*.jar:/Users/rodrigopinto/Desktop/IST/Masters/3º Quarter/SEC/Project/BFTB/BFTB-SEC/apache-zookeeper-3.8.0-bin/bin/../lib/zookeeper-prometheus-metrics-3.8.0.jar:/Users/rodrigopinto/Desktop/IST/Masters/3º Quarter/SEC/Project/BFTB/BFTB-SEC/apache-zookeeper-3.8.0-bin/bin/../lib/zookeeper-jute-3.8.0.jar:/Users/rodrigopinto/Desktop/IST/Masters/3º Quarter/SEC/Project/BFTB/BFTB-SEC/apache-zookeeper-3.8.0-bin/bin/../lib/zookeeper-3.8.0.jar:/Users/rodrigopinto/Desktop/IST/Masters/3º Quarter/SEC/Project/BFTB/BFTB-SEC/apache-zookeeper-3.8.0-bin/bin/../lib/snappy-java-1.1.7.7.jar:/Users/rodrigopinto/Desktop/IST/Masters/3º Quarter/SEC/Project/BFTB/BFTB-SEC/apache-zookeeper-3.8.0-bin/bin/../lib/slf4j-api-1.7.30.jar:/Users/rodrigopinto/Desktop/IST/Masters/3º Quarter/SEC/Project/BFTB/BFTB-SEC/apache-zookeeper-3.8.0-bin/bin/../lib/simpleclient_servlet-0.9.0.jar:/Users/rodrigopinto/Desktop/IST/Masters/3º Quarter/SEC/Project/BFTB/BFTB-SEC/apache-zookeeper-3.8.0-bin/bin/../lib/simpleclient_hotspot-0.9.0.jar:/Users/rodrigopinto/Desktop/IST/Masters/3º Quarter/SEC/Project/BFTB/BFTB-SEC/apache-zookeeper-3.8.0-bin/bin/../lib/simpleclient_common-0.9.0.jar:/Users/rodrigopinto/Desktop/IST/Masters/3º Quarter/SEC/Project/BFTB/BFTB-SEC/apache-zookeeper-3.8.0-bin/bin/../lib/simpleclient-0.9.0.jar:/Users/rodrigopinto/Desktop/IST/Masters/3º Quarter/SEC/Project/BFTB/BFTB-SEC/apache-zookeeper-3.8.0-bin/bin/../lib/netty-transport-native-unix-common-4.1.73.Final.jar:/Users/rodrigopinto/Desktop/IST/Masters/3º Quarter/SEC/Project/BFTB/BFTB-SEC/apache-zookeeper-3.8.0-bin/bin/../lib/netty-transport-native-epoll-4.1.73.Final.jar:/Users/rodrigopinto/Desktop/IST/Masters/3º Quarter/SEC/Project/BFTB/BFTB-SEC/apache-zookeeper-3.8.0-bin/bin/../lib/netty-transport-classes-epoll-4.1.73.Final.jar:/Users/rodrigopinto/Desktop/IST/Masters/3º Quarter/SEC/Project/BFTB/BFTB-SEC/apache-zookeeper-3.8.0-bin/bin/../lib/netty-transport-4.1.73.Final.jar:/Users/rodrigopinto/Desktop/IST/Masters/3º Quarter/SEC/Project/BFTB/BFTB-SEC/apache-zookeeper-3.8.0-bin/bin/../lib/netty-tcnative-classes-2.0.48.Final.jar:/Users/rodrigopinto/Desktop/IST/Masters/3º Quarter/SEC/Project/BFTB/BFTB-SEC/apache-zookeeper-3.8.0-bin/bin/../lib/netty-tcnative-2.0.48.Final.jar:/Users/rodrigopinto/Desktop/IST/Masters/3º Quarter/SEC/Project/BFTB/BFTB-SEC/apache-zookeeper-3.8.0-bin/bin/../lib/netty-resolver-4.1.73.Final.jar:/Users/rodrigopinto/Desktop/IST/Masters/3º Quarter/SEC/Project/BFTB/BFTB-SEC/apache-zookeeper-3.8.0-bin/bin/../lib/netty-handler-4.1.73.Final.jar:/Users/rodrigopinto/Desktop/IST/Masters/3º Quarter/SEC/Project/BFTB/BFTB-SEC/apache-zookeeper-3.8.0-bin/bin/../lib/netty-common-4.1.73.Final.jar:/Users/rodrigopinto/Desktop/IST/Masters/3º Quarter/SEC/Project/BFTB/BFTB-SEC/apache-zookeeper-3.8.0-bin/bin/../lib/netty-codec-4.1.73.Final.jar:/Users/rodrigopinto/Desktop/IST/Masters/3º Quarter/SEC/Project/BFTB/BFTB-SEC/apache-zookeeper-3.8.0-bin/bin/../lib/netty-buffer-4.1.73.Final.jar:/Users/rodrigopinto/Desktop/IST/Masters/3º Quarter/SEC/Project/BFTB/BFTB-SEC/apache-zookeeper-3.8.0-bin/bin/../lib/metrics-core-4.1.12.1.jar:/Users/rodrigopinto/Desktop/IST/Masters/3º Quarter/SEC/Project/BFTB/BFTB-SEC/apache-zookeeper-3.8.0-bin/bin/../lib/logback-core-1.2.10.jar:/Users/rodrigopinto/Desktop/IST/Masters/3º Quarter/SEC/Project/BFTB/BFTB-SEC/apache-zookeeper-3.8.0-bin/bin/../lib/logback-classic-1.2.10.jar:/Users/rodrigopinto/Desktop/IST/Masters/3º Quarter/SEC/Project/BFTB/BFTB-SEC/apache-zookeeper-3.8.0-bin/bin/../lib/jline-2.14.6.jar:/Users/rodrigopinto/Desktop/IST/Masters/3º Quarter/SEC/Project/BFTB/BFTB-SEC/apache-zookeeper-3.8.0-bin/bin/../lib/jetty-util-ajax-9.4.43.v20210629.jar:/Users/rodrigopinto/Desktop/IST/Masters/3º Quarter/SEC/Project/BFTB/BFTB-SEC/apache-zookeeper-3.8.0-bin/bin/../lib/jetty-util-9.4.43.v20210629.jar:/Users/rodrigopinto/Desktop/IST/Masters/3º Quarter/SEC/Project/BFTB/BFTB-SEC/apache-zookeeper-3.8.0-bin/bin/../lib/jetty-servlet-9.4.43.v20210629.jar:/Users/rodrigopinto/Desktop/IST/Masters/3º Quarter/SEC/Project/BFTB/BFTB-SEC/apache-zookeeper-3.8.0-bin/bin/../lib/jetty-server-9.4.43.v20210629.jar:/Users/rodrigopinto/Desktop/IST/Masters/3º Quarter/SEC/Project/BFTB/BFTB-SEC/apache-zookeeper-3.8.0-bin/bin/../lib/jetty-security-9.4.43.v20210629.jar:/Users/rodrigopinto/Desktop/IST/Masters/3º Quarter/SEC/Project/BFTB/BFTB-SEC/apache-zookeeper-3.8.0-bin/bin/../lib/jetty-io-9.4.43.v20210629.jar:/Users/rodrigopinto/Desktop/IST/Masters/3º Quarter/SEC/Project/BFTB/BFTB-SEC/apache-zookeeper-3.8.0-bin/bin/../lib/jetty-http-9.4.43.v20210629.jar:/Users/rodrigopinto/Desktop/IST/Masters/3º Quarter/SEC/Project/BFTB/BFTB-SEC/apache-zookeeper-3.8.0-bin/bin/../lib/javax.servlet-api-3.1.0.jar:/Users/rodrigopinto/Desktop/IST/Masters/3º Quarter/SEC/Project/BFTB/BFTB-SEC/apache-zookeeper-3.8.0-bin/bin/../lib/jackson-databind-2.13.1.jar:/Users/rodrigopinto/Desktop/IST/Masters/3º Quarter/SEC/Project/BFTB/BFTB-SEC/apache-zookeeper-3.8.0-bin/bin/../lib/jackson-core-2.13.1.jar:/Users/rodrigopinto/Desktop/IST/Masters/3º Quarter/SEC/Project/BFTB/BFTB-SEC/apache-zookeeper-3.8.0-bin/bin/../lib/jackson-annotations-2.13.1.jar:/Users/rodrigopinto/Desktop/IST/Masters/3º Quarter/SEC/Project/BFTB/BFTB-SEC/apache-zookeeper-3.8.0-bin/bin/../lib/commons-io-2.11.0.jar:/Users/rodrigopinto/Desktop/IST/Masters/3º Quarter/SEC/Project/BFTB/BFTB-SEC/apache-zookeeper-3.8.0-bin/bin/../lib/commons-cli-1.4.jar:/Users/rodrigopinto/Desktop/IST/Masters/3º Quarter/SEC/Project/BFTB/BFTB-SEC/apache-zookeeper-3.8.0-bin/bin/../lib/audience-annotations-0.12.0.jar:/Users/rodrigopinto/Desktop/IST/Masters/3º Quarter/SEC/Project/BFTB/BFTB-SEC/apache-zookeeper-3.8.0-bin/bin/../zookeeper-*.jar:/Users/rodrigopinto/Desktop/IST/Masters/3º Quarter/SEC/Project/BFTB/BFTB-SEC/apache-zookeeper-3.8.0-bin/bin/../zookeeper-server/src/main/resources/lib/*.jar:/Users/rodrigopinto/Desktop/IST/Masters/3º Quarter/SEC/Project/BFTB/BFTB-SEC/apache-zookeeper-3.8.0-bin/bin/../conf:
2022-04-08 13:58:49,832 [myid:] - INFO  [main:o.a.z.Environment@98] - Server environment:java.library.path=/Users/rodrigopinto/Library/Java/Extensions:/Library/Java/Extensions:/Network/Library/Java/Extensions:/System/Library/Java/Extensions:/usr/lib/java:.
2022-04-08 13:58:49,832 [myid:] - INFO  [main:o.a.z.Environment@98] - Server environment:java.io.tmpdir=/var/folders/3y/49fq9ngd4k38q1sk_yw7kxzc0000gn/T/
2022-04-08 13:58:49,833 [myid:] - INFO  [main:o.a.z.Environment@98] - Server environment:java.compiler=<NA>
2022-04-08 13:58:49,833 [myid:] - INFO  [main:o.a.z.Environment@98] - Server environment:os.name=Mac OS X
2022-04-08 13:58:49,833 [myid:] - INFO  [main:o.a.z.Environment@98] - Server environment:os.arch=x86_64
2022-04-08 13:58:49,833 [myid:] - INFO  [main:o.a.z.Environment@98] - Server environment:os.version=10.16
2022-04-08 13:58:49,833 [myid:] - INFO  [main:o.a.z.Environment@98] - Server environment:user.name=rodrigopinto
2022-04-08 13:58:49,833 [myid:] - INFO  [main:o.a.z.Environment@98] - Server environment:user.home=/Users/rodrigopinto
2022-04-08 13:58:49,833 [myid:] - INFO  [main:o.a.z.Environment@98] - Server environment:user.dir=/Users/rodrigopinto/Desktop/IST/Masters/3º Quarter/SEC/Project/BFTB/BFTB-SEC/apache-zookeeper-3.8.0-bin
2022-04-08 13:58:49,833 [myid:] - INFO  [main:o.a.z.Environment@98] - Server environment:os.memory.free=239MB
2022-04-08 13:58:49,834 [myid:] - INFO  [main:o.a.z.Environment@98] - Server environment:os.memory.max=1000MB
2022-04-08 13:58:49,834 [myid:] - INFO  [main:o.a.z.Environment@98] - Server environment:os.memory.total=258MB
2022-04-08 13:58:49,834 [myid:] - INFO  [main:o.a.z.s.ZooKeeperServer@140] - zookeeper.enableEagerACLCheck = false
2022-04-08 13:58:49,834 [myid:] - INFO  [main:o.a.z.s.ZooKeeperServer@153] - zookeeper.digest.enabled = true
2022-04-08 13:58:49,834 [myid:] - INFO  [main:o.a.z.s.ZooKeeperServer@157] - zookeeper.closeSessionTxn.enabled = true
2022-04-08 13:58:49,835 [myid:] - INFO  [main:o.a.z.s.ZooKeeperServer@1496] - zookeeper.flushDelay = 0 ms
2022-04-08 13:58:49,835 [myid:] - INFO  [main:o.a.z.s.ZooKeeperServer@1505] - zookeeper.maxWriteQueuePollTime = 0 ms
2022-04-08 13:58:49,835 [myid:] - INFO  [main:o.a.z.s.ZooKeeperServer@1514] - zookeeper.maxBatchSize=1000
2022-04-08 13:58:49,835 [myid:] - INFO  [main:o.a.z.s.ZooKeeperServer@264] - zookeeper.intBufferStartingSizeBytes = 1024
2022-04-08 13:58:49,836 [myid:] - INFO  [main:o.a.z.s.BlueThrottle@141] - Weighed connection throttling is disabled
2022-04-08 13:58:49,838 [myid:] - INFO  [main:o.a.z.s.ZooKeeperServer@1297] - minSessionTimeout set to 4000 ms
2022-04-08 13:58:49,838 [myid:] - INFO  [main:o.a.z.s.ZooKeeperServer@1306] - maxSessionTimeout set to 40000 ms
2022-04-08 13:58:49,840 [myid:] - INFO  [main:o.a.z.s.ResponseCache@45] - getData response cache size is initialized with value 400.
2022-04-08 13:58:49,840 [myid:] - INFO  [main:o.a.z.s.ResponseCache@45] - getChildren response cache size is initialized with value 400.
2022-04-08 13:58:49,841 [myid:] - INFO  [main:o.a.z.s.u.RequestPathMetricsCollector@109] - zookeeper.pathStats.slotCapacity = 60
2022-04-08 13:58:49,841 [myid:] - INFO  [main:o.a.z.s.u.RequestPathMetricsCollector@110] - zookeeper.pathStats.slotDuration = 15
2022-04-08 13:58:49,841 [myid:] - INFO  [main:o.a.z.s.u.RequestPathMetricsCollector@111] - zookeeper.pathStats.maxDepth = 6
2022-04-08 13:58:49,842 [myid:] - INFO  [main:o.a.z.s.u.RequestPathMetricsCollector@112] - zookeeper.pathStats.initialDelay = 5
2022-04-08 13:58:49,842 [myid:] - INFO  [main:o.a.z.s.u.RequestPathMetricsCollector@113] - zookeeper.pathStats.delay = 5
2022-04-08 13:58:49,842 [myid:] - INFO  [main:o.a.z.s.u.RequestPathMetricsCollector@114] - zookeeper.pathStats.enabled = false
2022-04-08 13:58:49,846 [myid:] - INFO  [main:o.a.z.s.ZooKeeperServer@1533] - The max bytes for all large requests are set to 104857600
2022-04-08 13:58:49,846 [myid:] - INFO  [main:o.a.z.s.ZooKeeperServer@1547] - The large request threshold is set to -1
2022-04-08 13:58:49,847 [myid:] - INFO  [main:o.a.z.s.AuthenticationHelper@66] - zookeeper.enforce.auth.enabled = false
2022-04-08 13:58:49,847 [myid:] - INFO  [main:o.a.z.s.AuthenticationHelper@67] - zookeeper.enforce.auth.schemes = []
2022-04-08 13:58:49,847 [myid:] - INFO  [main:o.a.z.s.ZooKeeperServer@365] - Created server with tickTime 2000 ms minSessionTimeout 4000 ms maxSessionTimeout 40000 ms clientPortListenBacklog -1 datadir ../../zookeeper/data/version-2 snapdir ../../zookeeper/data/version-2
2022-04-08 13:58:49,880 [myid:] - INFO  [main:o.e.j.u.l.Log@170] - Logging initialized @770ms to org.eclipse.jetty.util.log.Slf4jLog
2022-04-08 13:58:49,974 [myid:] - WARN  [main:o.e.j.s.h.ContextHandler@1656] - o.e.j.s.ServletContextHandler@2b91004a{/,null,STOPPED} contextPath ends with /*
2022-04-08 13:58:49,974 [myid:] - WARN  [main:o.e.j.s.h.ContextHandler@1667] - Empty contextPath
2022-04-08 13:58:50,004 [myid:] - INFO  [main:o.e.j.s.Server@375] - jetty-9.4.43.v20210629; built: 2021-06-30T11:07:22.254Z; git: 526006ecfa3af7f1a27ef3a288e2bef7ea9dd7e8; jvm 12.0.1+12
2022-04-08 13:58:50,035 [myid:] - INFO  [main:o.e.j.s.s.DefaultSessionIdManager@334] - DefaultSessionIdManager workerName=node0
2022-04-08 13:58:50,035 [myid:] - INFO  [main:o.e.j.s.s.DefaultSessionIdManager@339] - No SessionScavenger set, using defaults
2022-04-08 13:58:50,037 [myid:] - INFO  [main:o.e.j.s.s.HouseKeeper@132] - node0 Scavenging every 660000ms
2022-04-08 13:58:50,040 [myid:] - WARN  [main:o.e.j.s.ConstraintSecurityHandler@759] - ServletContext@o.e.j.s.ServletContextHandler@2b91004a{/,null,STARTING} has uncovered http methods for path: /*
2022-04-08 13:58:50,050 [myid:] - INFO  [main:o.e.j.s.h.ContextHandler@915] - Started o.e.j.s.ServletContextHandler@2b91004a{/,null,AVAILABLE}
2022-04-08 13:58:50,068 [myid:] - INFO  [main:o.e.j.s.AbstractConnector@331] - Started ServerConnector@26275bef{HTTP/1.1, (http/1.1)}{0.0.0.0:8080}
2022-04-08 13:58:50,074 [myid:] - INFO  [main:o.e.j.s.Server@415] - Started @964ms
2022-04-08 13:58:50,075 [myid:] - INFO  [main:o.a.z.s.a.JettyAdminServer@196] - Started AdminServer on address 0.0.0.0, port 8080 and command URL /commands
2022-04-08 13:58:50,081 [myid:] - INFO  [main:o.a.z.s.ServerCnxnFactory@169] - Using org.apache.zookeeper.server.NIOServerCnxnFactory as server connection factory
2022-04-08 13:58:50,082 [myid:] - WARN  [main:o.a.z.s.ServerCnxnFactory@309] - maxCnxns is not configured, using default value 0.
2022-04-08 13:58:50,084 [myid:] - INFO  [main:o.a.z.s.NIOServerCnxnFactory@652] - Configuring NIO connection handler with 10s sessionless connection timeout, 2 selector thread(s), 16 worker threads, and 64 kB direct buffers.
2022-04-08 13:58:50,085 [myid:] - INFO  [main:o.a.z.s.NIOServerCnxnFactory@660] - binding to port 0.0.0.0/0.0.0.0:2181
2022-04-08 13:58:50,100 [myid:] - INFO  [main:o.a.z.s.w.WatchManagerFactory@42] - Using org.apache.zookeeper.server.watch.WatchManager as watch manager
2022-04-08 13:58:50,100 [myid:] - INFO  [main:o.a.z.s.w.WatchManagerFactory@42] - Using org.apache.zookeeper.server.watch.WatchManager as watch manager
2022-04-08 13:58:50,102 [myid:] - INFO  [main:o.a.z.s.ZKDatabase@132] - zookeeper.snapshotSizeFactor = 0.33
2022-04-08 13:58:50,102 [myid:] - INFO  [main:o.a.z.s.ZKDatabase@152] - zookeeper.commitLogCount=500
2022-04-08 13:58:50,107 [myid:] - INFO  [main:o.a.z.s.p.SnapStream@61] - zookeeper.snapshot.compression.method = CHECKED
2022-04-08 13:58:50,109 [myid:] - INFO  [main:o.a.z.s.p.FileSnap@85] - Reading snapshot ../../zookeeper/data/version-2/snapshot.0
2022-04-08 13:58:50,113 [myid:] - INFO  [main:o.a.z.s.DataTree@1712] - The digest value is empty in snapshot
2022-04-08 13:58:50,129 [myid:] - INFO  [main:o.a.z.s.p.FileTxnSnapLog@372] - 38 txns loaded in 12 ms
2022-04-08 13:58:50,129 [myid:] - INFO  [main:o.a.z.s.ZKDatabase@289] - Snapshot loaded in 26 ms, highest zxid is 0x26, digest is 11943990133
2022-04-08 13:58:50,130 [myid:] - INFO  [main:o.a.z.s.p.FileTxnSnapLog@479] - Snapshotting: 0x26 to ../../zookeeper/data/version-2/snapshot.26
2022-04-08 13:58:50,170 [myid:] - INFO  [main:o.a.z.s.ZooKeeperServer@547] - Snapshot taken in 40 ms
2022-04-08 13:58:50,188 [myid:] - INFO  [ProcessThread(sid:0 cport:2181)::o.a.z.s.PrepRequestProcessor@138] - PrepRequestProcessor (sid:0) started, reconfigEnabled=false
2022-04-08 13:58:50,188 [myid:] - INFO  [main:o.a.z.s.RequestThrottler@75] - zookeeper.request_throttler.shutdownTimeout = 10000 ms
2022-04-08 13:58:50,209 [myid:] - INFO  [main:o.a.z.s.ContainerManager@84] - Using checkIntervalMs=60000 maxPerMinute=10000 maxNeverUsedIntervalMs=0
2022-04-08 13:58:50,211 [myid:] - INFO  [main:o.a.z.a.ZKAuditProvider@42] - ZooKeeper audit is disabled.
2022-04-08 13:58:53,374 [myid:] - INFO  [SyncThread:0:o.a.z.s.p.FileTxnLog@285] - Creating new log file: log.27
2022-04-08 13:59:20,829 [myid:] - INFO  [SessionTracker:o.a.z.s.ZooKeeperServer@632] - Expiring session 0x1000ca4baa20003, timeout of 30000ms exceeded
2022-04-08 15:37:08,745 [myid:] - WARN  [NIOWorkerThread-4:o.a.z.s.NIOServerCnxn@371] - Unexpected exception
org.apache.zookeeper.server.ServerCnxn$EndOfStreamException: Unable to read additional data from client, it probably closed the socket: address = /0:0:0:0:0:0:0:1:54998, session = 0x1000dbd81d30000
	at org.apache.zookeeper.server.NIOServerCnxn.handleFailedRead(NIOServerCnxn.java:170)
	at org.apache.zookeeper.server.NIOServerCnxn.doIO(NIOServerCnxn.java:333)
	at org.apache.zookeeper.server.NIOServerCnxnFactory$IOWorkRequest.doWork(NIOServerCnxnFactory.java:508)
	at org.apache.zookeeper.server.WorkerService$ScheduledWorkRequest.run(WorkerService.java:153)
	at java.base/java.util.concurrent.ThreadPoolExecutor.runWorker(ThreadPoolExecutor.java:1128)
	at java.base/java.util.concurrent.ThreadPoolExecutor$Worker.run(ThreadPoolExecutor.java:628)
	at java.base/java.lang.Thread.run(Thread.java:835)
2022-04-08 15:37:21,282 [myid:] - WARN  [NIOWorkerThread-5:o.a.z.s.NIOServerCnxn@371] - Unexpected exception
org.apache.zookeeper.server.ServerCnxn$EndOfStreamException: Unable to read additional data from client, it probably closed the socket: address = /127.0.0.1:56019, session = 0x1000dbd81d30005
	at org.apache.zookeeper.server.NIOServerCnxn.handleFailedRead(NIOServerCnxn.java:170)
	at org.apache.zookeeper.server.NIOServerCnxn.doIO(NIOServerCnxn.java:333)
	at org.apache.zookeeper.server.NIOServerCnxnFactory$IOWorkRequest.doWork(NIOServerCnxnFactory.java:508)
	at org.apache.zookeeper.server.WorkerService$ScheduledWorkRequest.run(WorkerService.java:153)
	at java.base/java.util.concurrent.ThreadPoolExecutor.runWorker(ThreadPoolExecutor.java:1128)
	at java.base/java.util.concurrent.ThreadPoolExecutor$Worker.run(ThreadPoolExecutor.java:628)
	at java.base/java.lang.Thread.run(Thread.java:835)
2022-04-08 15:37:26,878 [myid:] - INFO  [SessionTracker:o.a.z.s.ZooKeeperServer@632] - Expiring session 0x1000dbd81d30005, timeout of 5000ms exceeded
2022-04-08 15:37:32,878 [myid:] - INFO  [SessionTracker:o.a.z.s.ZooKeeperServer@632] - Expiring session 0x1000dbd81d30000, timeout of 30000ms exceeded
2022-04-08 15:42:52,960 [myid:] - WARN  [NIOWorkerThread-7:o.a.z.s.NIOServerCnxn@371] - Unexpected exception
org.apache.zookeeper.server.ServerCnxn$EndOfStreamException: Unable to read additional data from client, it probably closed the socket: address = /0:0:0:0:0:0:0:1:56161, session = 0x1000dbd81d30007
	at org.apache.zookeeper.server.NIOServerCnxn.handleFailedRead(NIOServerCnxn.java:170)
	at org.apache.zookeeper.server.NIOServerCnxn.doIO(NIOServerCnxn.java:333)
	at org.apache.zookeeper.server.NIOServerCnxnFactory$IOWorkRequest.doWork(NIOServerCnxnFactory.java:508)
	at org.apache.zookeeper.server.WorkerService$ScheduledWorkRequest.run(WorkerService.java:153)
	at java.base/java.util.concurrent.ThreadPoolExecutor.runWorker(ThreadPoolExecutor.java:1128)
	at java.base/java.util.concurrent.ThreadPoolExecutor$Worker.run(ThreadPoolExecutor.java:628)
	at java.base/java.lang.Thread.run(Thread.java:835)
2022-04-08 15:43:22,877 [myid:] - INFO  [SessionTracker:o.a.z.s.ZooKeeperServer@632] - Expiring session 0x1000dbd81d30007, timeout of 30000ms exceeded
2022-04-08 16:57:32,089 [myid:] - WARN  [NIOWorkerThread-3:o.a.z.s.NIOServerCnxn@371] - Unexpected exception
org.apache.zookeeper.server.ServerCnxn$EndOfStreamException: Unable to read additional data from client, it probably closed the socket: address = /0:0:0:0:0:0:0:1:57176, session = 0x1000dbd81d30011
	at org.apache.zookeeper.server.NIOServerCnxn.handleFailedRead(NIOServerCnxn.java:170)
	at org.apache.zookeeper.server.NIOServerCnxn.doIO(NIOServerCnxn.java:333)
	at org.apache.zookeeper.server.NIOServerCnxnFactory$IOWorkRequest.doWork(NIOServerCnxnFactory.java:508)
	at org.apache.zookeeper.server.WorkerService$ScheduledWorkRequest.run(WorkerService.java:153)
	at java.base/java.util.concurrent.ThreadPoolExecutor.runWorker(ThreadPoolExecutor.java:1128)
	at java.base/java.util.concurrent.ThreadPoolExecutor$Worker.run(ThreadPoolExecutor.java:628)
	at java.base/java.lang.Thread.run(Thread.java:835)
2022-04-08 16:57:36,983 [myid:] - INFO  [SessionTracker:o.a.z.s.ZooKeeperServer@632] - Expiring session 0x1000dbd81d30011, timeout of 5000ms exceeded
2022-04-09 01:22:16,149 [myid:] - INFO  [SessionTracker:o.a.z.s.ZooKeeperServer@632] - Expiring session 0x1000dbd81d30014, timeout of 5000ms exceeded
2022-04-09 01:22:18,999 [myid:] - INFO  [NIOWorkerThread-6:o.a.z.s.ZooKeeperServer@1087] - Invalid session 0x1000dbd81d30014 for client /0:0:0:0:0:0:0:1:58639, probably expired
2022-04-09 17:04:26,597 [myid:] - WARN  [NIOWorkerThread-14:o.a.z.s.NIOServerCnxn@371] - Unexpected exception
org.apache.zookeeper.server.ServerCnxn$EndOfStreamException: Unable to read additional data from client, it probably closed the socket: address = /127.0.0.1:61478, session = 0x1000dbd81d30019
	at org.apache.zookeeper.server.NIOServerCnxn.handleFailedRead(NIOServerCnxn.java:170)
	at org.apache.zookeeper.server.NIOServerCnxn.doIO(NIOServerCnxn.java:333)
	at org.apache.zookeeper.server.NIOServerCnxnFactory$IOWorkRequest.doWork(NIOServerCnxnFactory.java:508)
	at org.apache.zookeeper.server.WorkerService$ScheduledWorkRequest.run(WorkerService.java:153)
	at java.base/java.util.concurrent.ThreadPoolExecutor.runWorker(ThreadPoolExecutor.java:1128)
	at java.base/java.util.concurrent.ThreadPoolExecutor$Worker.run(ThreadPoolExecutor.java:628)
	at java.base/java.lang.Thread.run(Thread.java:835)
2022-04-09 17:04:30,476 [myid:] - INFO  [SessionTracker:o.a.z.s.ZooKeeperServer@632] - Expiring session 0x1000dbd81d30019, timeout of 5000ms exceeded
2022-04-09 17:59:41,098 [myid:] - WARN  [NIOWorkerThread-6:o.a.z.s.NIOServerCnxn@371] - Unexpected exception
org.apache.zookeeper.server.ServerCnxn$EndOfStreamException: Unable to read additional data from client, it probably closed the socket: address = /127.0.0.1:64114, session = 0x1000dbd81d3002d
	at org.apache.zookeeper.server.NIOServerCnxn.handleFailedRead(NIOServerCnxn.java:170)
	at org.apache.zookeeper.server.NIOServerCnxn.doIO(NIOServerCnxn.java:333)
	at org.apache.zookeeper.server.NIOServerCnxnFactory$IOWorkRequest.doWork(NIOServerCnxnFactory.java:508)
	at org.apache.zookeeper.server.WorkerService$ScheduledWorkRequest.run(WorkerService.java:153)
	at java.base/java.util.concurrent.ThreadPoolExecutor.runWorker(ThreadPoolExecutor.java:1128)
	at java.base/java.util.concurrent.ThreadPoolExecutor$Worker.run(ThreadPoolExecutor.java:628)
	at java.base/java.lang.Thread.run(Thread.java:835)
2022-04-09 17:59:45,000 [myid:] - INFO  [SessionTracker:o.a.z.s.ZooKeeperServer@632] - Expiring session 0x1000dbd81d3002d, timeout of 5000ms exceeded
2022-04-09 18:22:00,567 [myid:] - WARN  [NIOWorkerThread-16:o.a.z.s.NIOServerCnxn@371] - Unexpected exception
org.apache.zookeeper.server.ServerCnxn$EndOfStreamException: Unable to read additional data from client, it probably closed the socket: address = /127.0.0.1:64191, session = 0x1000dbd81d30036
	at org.apache.zookeeper.server.NIOServerCnxn.handleFailedRead(NIOServerCnxn.java:170)
	at org.apache.zookeeper.server.NIOServerCnxn.doIO(NIOServerCnxn.java:333)
	at org.apache.zookeeper.server.NIOServerCnxnFactory$IOWorkRequest.doWork(NIOServerCnxnFactory.java:508)
	at org.apache.zookeeper.server.WorkerService$ScheduledWorkRequest.run(WorkerService.java:153)
	at java.base/java.util.concurrent.ThreadPoolExecutor.runWorker(ThreadPoolExecutor.java:1128)
	at java.base/java.util.concurrent.ThreadPoolExecutor$Worker.run(ThreadPoolExecutor.java:628)
	at java.base/java.lang.Thread.run(Thread.java:835)
2022-04-09 18:22:05,078 [myid:] - INFO  [SessionTracker:o.a.z.s.ZooKeeperServer@632] - Expiring session 0x1000dbd81d30036, timeout of 5000ms exceeded
2022-04-09 18:30:17,491 [myid:] - WARN  [NIOWorkerThread-5:o.a.z.s.NIOServerCnxn@371] - Unexpected exception
org.apache.zookeeper.server.ServerCnxn$EndOfStreamException: Unable to read additional data from client, it probably closed the socket: address = /127.0.0.1:56237, session = 0x1000dbd81d3000c
	at org.apache.zookeeper.server.NIOServerCnxn.handleFailedRead(NIOServerCnxn.java:170)
	at org.apache.zookeeper.server.NIOServerCnxn.doIO(NIOServerCnxn.java:333)
	at org.apache.zookeeper.server.NIOServerCnxnFactory$IOWorkRequest.doWork(NIOServerCnxnFactory.java:508)
	at org.apache.zookeeper.server.WorkerService$ScheduledWorkRequest.run(WorkerService.java:153)
	at java.base/java.util.concurrent.ThreadPoolExecutor.runWorker(ThreadPoolExecutor.java:1128)
	at java.base/java.util.concurrent.ThreadPoolExecutor$Worker.run(ThreadPoolExecutor.java:628)
	at java.base/java.lang.Thread.run(Thread.java:835)
2022-04-09 18:30:41,087 [myid:] - INFO  [SessionTracker:o.a.z.s.ZooKeeperServer@632] - Expiring session 0x1000dbd81d3000c, timeout of 30000ms exceeded
2022-04-09 21:26:30,180 [myid:] - WARN  [NIOWorkerThread-2:o.a.z.s.NIOServerCnxn@371] - Unexpected exception
org.apache.zookeeper.server.ServerCnxn$EndOfStreamException: Unable to read additional data from client, it probably closed the socket: address = /127.0.0.1:65357, session = 0x1000dbd81d30069
	at org.apache.zookeeper.server.NIOServerCnxn.handleFailedRead(NIOServerCnxn.java:170)
	at org.apache.zookeeper.server.NIOServerCnxn.doIO(NIOServerCnxn.java:333)
	at org.apache.zookeeper.server.NIOServerCnxnFactory$IOWorkRequest.doWork(NIOServerCnxnFactory.java:508)
	at org.apache.zookeeper.server.WorkerService$ScheduledWorkRequest.run(WorkerService.java:153)
	at java.base/java.util.concurrent.ThreadPoolExecutor.runWorker(ThreadPoolExecutor.java:1128)
	at java.base/java.util.concurrent.ThreadPoolExecutor$Worker.run(ThreadPoolExecutor.java:628)
	at java.base/java.lang.Thread.run(Thread.java:835)
2022-04-09 21:26:34,909 [myid:] - INFO  [SessionTracker:o.a.z.s.ZooKeeperServer@632] - Expiring session 0x1000dbd81d30069, timeout of 5000ms exceeded
2022-04-09 23:19:56,122 [myid:] - WARN  [NIOWorkerThread-13:o.a.z.s.NIOServerCnxn@371] - Unexpected exception
org.apache.zookeeper.server.ServerCnxn$EndOfStreamException: Unable to read additional data from client, it probably closed the socket: address = /0:0:0:0:0:0:0:1:50019, session = 0x1000dbd81d30071
	at org.apache.zookeeper.server.NIOServerCnxn.handleFailedRead(NIOServerCnxn.java:170)
	at org.apache.zookeeper.server.NIOServerCnxn.doIO(NIOServerCnxn.java:333)
	at org.apache.zookeeper.server.NIOServerCnxnFactory$IOWorkRequest.doWork(NIOServerCnxnFactory.java:508)
	at org.apache.zookeeper.server.WorkerService$ScheduledWorkRequest.run(WorkerService.java:153)
	at java.base/java.util.concurrent.ThreadPoolExecutor.runWorker(ThreadPoolExecutor.java:1128)
	at java.base/java.util.concurrent.ThreadPoolExecutor$Worker.run(ThreadPoolExecutor.java:628)
	at java.base/java.lang.Thread.run(Thread.java:835)
2022-04-09 23:20:01,734 [myid:] - INFO  [SessionTracker:o.a.z.s.ZooKeeperServer@632] - Expiring session 0x1000dbd81d30071, timeout of 5000ms exceeded
2022-04-09 23:21:46,845 [myid:] - WARN  [NIOWorkerThread-9:o.a.z.s.NIOServerCnxn@371] - Unexpected exception
org.apache.zookeeper.server.ServerCnxn$EndOfStreamException: Unable to read additional data from client, it probably closed the socket: address = /0:0:0:0:0:0:0:1:64446, session = 0x1000dbd81d30052
	at org.apache.zookeeper.server.NIOServerCnxn.handleFailedRead(NIOServerCnxn.java:170)
	at org.apache.zookeeper.server.NIOServerCnxn.doIO(NIOServerCnxn.java:333)
	at org.apache.zookeeper.server.NIOServerCnxnFactory$IOWorkRequest.doWork(NIOServerCnxnFactory.java:508)
	at org.apache.zookeeper.server.WorkerService$ScheduledWorkRequest.run(WorkerService.java:153)
	at java.base/java.util.concurrent.ThreadPoolExecutor.runWorker(ThreadPoolExecutor.java:1128)
	at java.base/java.util.concurrent.ThreadPoolExecutor$Worker.run(ThreadPoolExecutor.java:628)
	at java.base/java.lang.Thread.run(Thread.java:835)
2022-04-09 23:21:58,667 [myid:] - WARN  [NIOWorkerThread-8:o.a.z.s.NIOServerCnxn@371] - Unexpected exception
org.apache.zookeeper.server.ServerCnxn$EndOfStreamException: Unable to read additional data from client, it probably closed the socket: address = /0:0:0:0:0:0:0:1:50014, session = 0x1000dbd81d3006f
	at org.apache.zookeeper.server.NIOServerCnxn.handleFailedRead(NIOServerCnxn.java:170)
	at org.apache.zookeeper.server.NIOServerCnxn.doIO(NIOServerCnxn.java:333)
	at org.apache.zookeeper.server.NIOServerCnxnFactory$IOWorkRequest.doWork(NIOServerCnxnFactory.java:508)
	at org.apache.zookeeper.server.WorkerService$ScheduledWorkRequest.run(WorkerService.java:153)
	at java.base/java.util.concurrent.ThreadPoolExecutor.runWorker(ThreadPoolExecutor.java:1128)
	at java.base/java.util.concurrent.ThreadPoolExecutor$Worker.run(ThreadPoolExecutor.java:628)
	at java.base/java.lang.Thread.run(Thread.java:835)
2022-04-09 23:22:03,734 [myid:] - INFO  [SessionTracker:o.a.z.s.ZooKeeperServer@632] - Expiring session 0x1000dbd81d3006f, timeout of 5000ms exceeded
2022-04-09 23:22:09,729 [myid:] - INFO  [SessionTracker:o.a.z.s.ZooKeeperServer@632] - Expiring session 0x1000dbd81d30052, timeout of 30000ms exceeded
2022-04-09 23:24:22,913 [myid:] - WARN  [NIOWorkerThread-1:o.a.z.s.NIOServerCnxn@371] - Unexpected exception
org.apache.zookeeper.server.ServerCnxn$EndOfStreamException: Unable to read additional data from client, it probably closed the socket: address = /0:0:0:0:0:0:0:1:50094, session = 0x1000dbd81d30076
	at org.apache.zookeeper.server.NIOServerCnxn.handleFailedRead(NIOServerCnxn.java:170)
	at org.apache.zookeeper.server.NIOServerCnxn.doIO(NIOServerCnxn.java:333)
	at org.apache.zookeeper.server.NIOServerCnxnFactory$IOWorkRequest.doWork(NIOServerCnxnFactory.java:508)
	at org.apache.zookeeper.server.WorkerService$ScheduledWorkRequest.run(WorkerService.java:153)
	at java.base/java.util.concurrent.ThreadPoolExecutor.runWorker(ThreadPoolExecutor.java:1128)
	at java.base/java.util.concurrent.ThreadPoolExecutor$Worker.run(ThreadPoolExecutor.java:628)
	at java.base/java.lang.Thread.run(Thread.java:835)
2022-04-09 23:24:28,109 [myid:] - WARN  [NIOWorkerThread-12:o.a.z.s.NIOServerCnxn@371] - Unexpected exception
org.apache.zookeeper.server.ServerCnxn$EndOfStreamException: Unable to read additional data from client, it probably closed the socket: address = /0:0:0:0:0:0:0:1:50118, session = 0x1000dbd81d30078
	at org.apache.zookeeper.server.NIOServerCnxn.handleFailedRead(NIOServerCnxn.java:170)
	at org.apache.zookeeper.server.NIOServerCnxn.doIO(NIOServerCnxn.java:333)
	at org.apache.zookeeper.server.NIOServerCnxnFactory$IOWorkRequest.doWork(NIOServerCnxnFactory.java:508)
	at org.apache.zookeeper.server.WorkerService$ScheduledWorkRequest.run(WorkerService.java:153)
	at java.base/java.util.concurrent.ThreadPoolExecutor.runWorker(ThreadPoolExecutor.java:1128)
	at java.base/java.util.concurrent.ThreadPoolExecutor$Worker.run(ThreadPoolExecutor.java:628)
	at java.base/java.lang.Thread.run(Thread.java:835)
2022-04-09 23:24:33,733 [myid:] - INFO  [SessionTracker:o.a.z.s.ZooKeeperServer@632] - Expiring session 0x1000dbd81d30078, timeout of 5000ms exceeded
2022-04-09 23:24:51,733 [myid:] - INFO  [SessionTracker:o.a.z.s.ZooKeeperServer@632] - Expiring session 0x1000dbd81d30076, timeout of 30000ms exceeded
2022-04-09 23:25:01,056 [myid:] - WARN  [NIOWorkerThread-16:o.a.z.s.NIOServerCnxn@371] - Unexpected exception
org.apache.zookeeper.server.ServerCnxn$EndOfStreamException: Unable to read additional data from client, it probably closed the socket: address = /0:0:0:0:0:0:0:1:50173, session = 0x1000dbd81d3007e
	at org.apache.zookeeper.server.NIOServerCnxn.handleFailedRead(NIOServerCnxn.java:170)
	at org.apache.zookeeper.server.NIOServerCnxn.doIO(NIOServerCnxn.java:333)
	at org.apache.zookeeper.server.NIOServerCnxnFactory$IOWorkRequest.doWork(NIOServerCnxnFactory.java:508)
	at org.apache.zookeeper.server.WorkerService$ScheduledWorkRequest.run(WorkerService.java:153)
	at java.base/java.util.concurrent.ThreadPoolExecutor.runWorker(ThreadPoolExecutor.java:1128)
	at java.base/java.util.concurrent.ThreadPoolExecutor$Worker.run(ThreadPoolExecutor.java:628)
	at java.base/java.lang.Thread.run(Thread.java:835)
2022-04-09 23:25:05,732 [myid:] - INFO  [SessionTracker:o.a.z.s.ZooKeeperServer@632] - Expiring session 0x1000dbd81d3007e, timeout of 5000ms exceeded
2022-04-09 23:30:08,663 [myid:] - WARN  [NIOWorkerThread-14:o.a.z.s.NIOServerCnxn@371] - Unexpected exception
org.apache.zookeeper.server.ServerCnxn$EndOfStreamException: Unable to read additional data from client, it probably closed the socket: address = /0:0:0:0:0:0:0:1:50299, session = 0x1000dbd81d30085
	at org.apache.zookeeper.server.NIOServerCnxn.handleFailedRead(NIOServerCnxn.java:170)
	at org.apache.zookeeper.server.NIOServerCnxn.doIO(NIOServerCnxn.java:333)
	at org.apache.zookeeper.server.NIOServerCnxnFactory$IOWorkRequest.doWork(NIOServerCnxnFactory.java:508)
	at org.apache.zookeeper.server.WorkerService$ScheduledWorkRequest.run(WorkerService.java:153)
	at java.base/java.util.concurrent.ThreadPoolExecutor.runWorker(ThreadPoolExecutor.java:1128)
	at java.base/java.util.concurrent.ThreadPoolExecutor$Worker.run(ThreadPoolExecutor.java:628)
	at java.base/java.lang.Thread.run(Thread.java:835)
2022-04-09 23:30:13,732 [myid:] - INFO  [SessionTracker:o.a.z.s.ZooKeeperServer@632] - Expiring session 0x1000dbd81d30085, timeout of 5000ms exceeded
2022-04-09 23:32:11,340 [myid:] - WARN  [NIOWorkerThread-13:o.a.z.s.NIOServerCnxn@371] - Unexpected exception
org.apache.zookeeper.server.ServerCnxn$EndOfStreamException: Unable to read additional data from client, it probably closed the socket: address = /0:0:0:0:0:0:0:1:50365, session = 0x1000dbd81d3008d
	at org.apache.zookeeper.server.NIOServerCnxn.handleFailedRead(NIOServerCnxn.java:170)
	at org.apache.zookeeper.server.NIOServerCnxn.doIO(NIOServerCnxn.java:333)
	at org.apache.zookeeper.server.NIOServerCnxnFactory$IOWorkRequest.doWork(NIOServerCnxnFactory.java:508)
	at org.apache.zookeeper.server.WorkerService$ScheduledWorkRequest.run(WorkerService.java:153)
	at java.base/java.util.concurrent.ThreadPoolExecutor.runWorker(ThreadPoolExecutor.java:1128)
	at java.base/java.util.concurrent.ThreadPoolExecutor$Worker.run(ThreadPoolExecutor.java:628)
	at java.base/java.lang.Thread.run(Thread.java:835)
2022-04-09 23:32:15,732 [myid:] - INFO  [SessionTracker:o.a.z.s.ZooKeeperServer@632] - Expiring session 0x1000dbd81d3008d, timeout of 5000ms exceeded
2022-04-09 23:33:12,381 [myid:] - WARN  [NIOWorkerThread-5:o.a.z.s.NIOServerCnxn@371] - Unexpected exception
org.apache.zookeeper.server.ServerCnxn$EndOfStreamException: Unable to read additional data from client, it probably closed the socket: address = /0:0:0:0:0:0:0:1:50373, session = 0x1000dbd81d3008f
	at org.apache.zookeeper.server.NIOServerCnxn.handleFailedRead(NIOServerCnxn.java:170)
	at org.apache.zookeeper.server.NIOServerCnxn.doIO(NIOServerCnxn.java:333)
	at org.apache.zookeeper.server.NIOServerCnxnFactory$IOWorkRequest.doWork(NIOServerCnxnFactory.java:508)
	at org.apache.zookeeper.server.WorkerService$ScheduledWorkRequest.run(WorkerService.java:153)
	at java.base/java.util.concurrent.ThreadPoolExecutor.runWorker(ThreadPoolExecutor.java:1128)
	at java.base/java.util.concurrent.ThreadPoolExecutor$Worker.run(ThreadPoolExecutor.java:628)
	at java.base/java.lang.Thread.run(Thread.java:835)
2022-04-09 23:33:17,729 [myid:] - INFO  [SessionTracker:o.a.z.s.ZooKeeperServer@632] - Expiring session 0x1000dbd81d3008f, timeout of 5000ms exceeded
2022-04-09 23:36:00,818 [myid:] - WARN  [NIOWorkerThread-15:o.a.z.s.NIOServerCnxn@371] - Unexpected exception
org.apache.zookeeper.server.ServerCnxn$EndOfStreamException: Unable to read additional data from client, it probably closed the socket: address = /127.0.0.1:50729, session = 0x1000dbd81d30094
	at org.apache.zookeeper.server.NIOServerCnxn.handleFailedRead(NIOServerCnxn.java:170)
	at org.apache.zookeeper.server.NIOServerCnxn.doIO(NIOServerCnxn.java:333)
	at org.apache.zookeeper.server.NIOServerCnxnFactory$IOWorkRequest.doWork(NIOServerCnxnFactory.java:508)
	at org.apache.zookeeper.server.WorkerService$ScheduledWorkRequest.run(WorkerService.java:153)
	at java.base/java.util.concurrent.ThreadPoolExecutor.runWorker(ThreadPoolExecutor.java:1128)
	at java.base/java.util.concurrent.ThreadPoolExecutor$Worker.run(ThreadPoolExecutor.java:628)
	at java.base/java.lang.Thread.run(Thread.java:835)
2022-04-09 23:36:05,732 [myid:] - INFO  [SessionTracker:o.a.z.s.ZooKeeperServer@632] - Expiring session 0x1000dbd81d30094, timeout of 5000ms exceeded
2022-04-10 00:00:12,261 [myid:] - WARN  [NIOWorkerThread-3:o.a.z.s.NIOServerCnxn@371] - Unexpected exception
org.apache.zookeeper.server.ServerCnxn$EndOfStreamException: Unable to read additional data from client, it probably closed the socket: address = /0:0:0:0:0:0:0:1:51126, session = 0x1000dbd81d3009a
	at org.apache.zookeeper.server.NIOServerCnxn.handleFailedRead(NIOServerCnxn.java:170)
	at org.apache.zookeeper.server.NIOServerCnxn.doIO(NIOServerCnxn.java:333)
	at org.apache.zookeeper.server.NIOServerCnxnFactory$IOWorkRequest.doWork(NIOServerCnxnFactory.java:508)
	at org.apache.zookeeper.server.WorkerService$ScheduledWorkRequest.run(WorkerService.java:153)
	at java.base/java.util.concurrent.ThreadPoolExecutor.runWorker(ThreadPoolExecutor.java:1128)
	at java.base/java.util.concurrent.ThreadPoolExecutor$Worker.run(ThreadPoolExecutor.java:628)
	at java.base/java.lang.Thread.run(Thread.java:835)
2022-04-10 00:00:17,734 [myid:] - INFO  [SessionTracker:o.a.z.s.ZooKeeperServer@632] - Expiring session 0x1000dbd81d3009a, timeout of 5000ms exceeded
2022-04-10 00:01:11,766 [myid:] - WARN  [NIOWorkerThread-15:o.a.z.s.NIOServerCnxn@371] - Unexpected exception
org.apache.zookeeper.server.ServerCnxn$EndOfStreamException: Unable to read additional data from client, it probably closed the socket: address = /127.0.0.1:51369, session = 0x1000dbd81d300a2
	at org.apache.zookeeper.server.NIOServerCnxn.handleFailedRead(NIOServerCnxn.java:170)
	at org.apache.zookeeper.server.NIOServerCnxn.doIO(NIOServerCnxn.java:333)
	at org.apache.zookeeper.server.NIOServerCnxnFactory$IOWorkRequest.doWork(NIOServerCnxnFactory.java:508)
	at org.apache.zookeeper.server.WorkerService$ScheduledWorkRequest.run(WorkerService.java:153)
	at java.base/java.util.concurrent.ThreadPoolExecutor.runWorker(ThreadPoolExecutor.java:1128)
	at java.base/java.util.concurrent.ThreadPoolExecutor$Worker.run(ThreadPoolExecutor.java:628)
	at java.base/java.lang.Thread.run(Thread.java:835)
2022-04-10 00:01:17,733 [myid:] - INFO  [SessionTracker:o.a.z.s.ZooKeeperServer@632] - Expiring session 0x1000dbd81d300a2, timeout of 5000ms exceeded
2022-04-10 00:04:03,587 [myid:] - WARN  [NIOWorkerThread-2:o.a.z.s.NIOServerCnxn@371] - Unexpected exception
org.apache.zookeeper.server.ServerCnxn$EndOfStreamException: Unable to read additional data from client, it probably closed the socket: address = /127.0.0.1:51420, session = 0x1000dbd81d300aa
	at org.apache.zookeeper.server.NIOServerCnxn.handleFailedRead(NIOServerCnxn.java:170)
	at org.apache.zookeeper.server.NIOServerCnxn.doIO(NIOServerCnxn.java:333)
	at org.apache.zookeeper.server.NIOServerCnxnFactory$IOWorkRequest.doWork(NIOServerCnxnFactory.java:508)
	at org.apache.zookeeper.server.WorkerService$ScheduledWorkRequest.run(WorkerService.java:153)
	at java.base/java.util.concurrent.ThreadPoolExecutor.runWorker(ThreadPoolExecutor.java:1128)
	at java.base/java.util.concurrent.ThreadPoolExecutor$Worker.run(ThreadPoolExecutor.java:628)
	at java.base/java.lang.Thread.run(Thread.java:835)
2022-04-10 00:04:07,731 [myid:] - INFO  [SessionTracker:o.a.z.s.ZooKeeperServer@632] - Expiring session 0x1000dbd81d300aa, timeout of 5000ms exceeded
2022-04-10 00:04:54,501 [myid:] - WARN  [NIOWorkerThread-10:o.a.z.s.NIOServerCnxn@371] - Unexpected exception
org.apache.zookeeper.server.ServerCnxn$EndOfStreamException: Unable to read additional data from client, it probably closed the socket: address = /0:0:0:0:0:0:0:1:51424, session = 0x1000dbd81d300ac
	at org.apache.zookeeper.server.NIOServerCnxn.handleFailedRead(NIOServerCnxn.java:170)
	at org.apache.zookeeper.server.NIOServerCnxn.doIO(NIOServerCnxn.java:333)
	at org.apache.zookeeper.server.NIOServerCnxnFactory$IOWorkRequest.doWork(NIOServerCnxnFactory.java:508)
	at org.apache.zookeeper.server.WorkerService$ScheduledWorkRequest.run(WorkerService.java:153)
	at java.base/java.util.concurrent.ThreadPoolExecutor.runWorker(ThreadPoolExecutor.java:1128)
	at java.base/java.util.concurrent.ThreadPoolExecutor$Worker.run(ThreadPoolExecutor.java:628)
	at java.base/java.lang.Thread.run(Thread.java:835)
2022-04-10 00:04:59,730 [myid:] - INFO  [SessionTracker:o.a.z.s.ZooKeeperServer@632] - Expiring session 0x1000dbd81d300ac, timeout of 5000ms exceeded
2022-04-10 00:05:09,293 [myid:] - WARN  [NIOWorkerThread-5:o.a.z.s.NIOServerCnxn@371] - Unexpected exception
org.apache.zookeeper.server.ServerCnxn$EndOfStreamException: Unable to read additional data from client, it probably closed the socket: address = /127.0.0.1:51465, session = 0x1000dbd81d300b3
	at org.apache.zookeeper.server.NIOServerCnxn.handleFailedRead(NIOServerCnxn.java:170)
	at org.apache.zookeeper.server.NIOServerCnxn.doIO(NIOServerCnxn.java:333)
	at org.apache.zookeeper.server.NIOServerCnxnFactory$IOWorkRequest.doWork(NIOServerCnxnFactory.java:508)
	at org.apache.zookeeper.server.WorkerService$ScheduledWorkRequest.run(WorkerService.java:153)
	at java.base/java.util.concurrent.ThreadPoolExecutor.runWorker(ThreadPoolExecutor.java:1128)
	at java.base/java.util.concurrent.ThreadPoolExecutor$Worker.run(ThreadPoolExecutor.java:628)
	at java.base/java.lang.Thread.run(Thread.java:835)
2022-04-10 00:05:15,729 [myid:] - INFO  [SessionTracker:o.a.z.s.ZooKeeperServer@632] - Expiring session 0x1000dbd81d300b3, timeout of 5000ms exceeded
2022-04-10 00:09:29,529 [myid:] - WARN  [NIOWorkerThread-1:o.a.z.s.NIOServerCnxn@371] - Unexpected exception
org.apache.zookeeper.server.ServerCnxn$EndOfStreamException: Unable to read additional data from client, it probably closed the socket: address = /127.0.0.1:51469, session = 0x1000dbd81d300b5
	at org.apache.zookeeper.server.NIOServerCnxn.handleFailedRead(NIOServerCnxn.java:170)
	at org.apache.zookeeper.server.NIOServerCnxn.doIO(NIOServerCnxn.java:333)
	at org.apache.zookeeper.server.NIOServerCnxnFactory$IOWorkRequest.doWork(NIOServerCnxnFactory.java:508)
	at org.apache.zookeeper.server.WorkerService$ScheduledWorkRequest.run(WorkerService.java:153)
	at java.base/java.util.concurrent.ThreadPoolExecutor.runWorker(ThreadPoolExecutor.java:1128)
	at java.base/java.util.concurrent.ThreadPoolExecutor$Worker.run(ThreadPoolExecutor.java:628)
	at java.base/java.lang.Thread.run(Thread.java:835)
2022-04-10 00:09:33,725 [myid:] - INFO  [SessionTracker:o.a.z.s.ZooKeeperServer@632] - Expiring session 0x1000dbd81d300b5, timeout of 5000ms exceeded
2022-04-10 00:10:16,722 [myid:] - WARN  [NIOWorkerThread-3:o.a.z.s.NIOServerCnxn@371] - Unexpected exception
org.apache.zookeeper.server.ServerCnxn$EndOfStreamException: Unable to read additional data from client, it probably closed the socket: address = /127.0.0.1:51554, session = 0x1000dbd81d300be
	at org.apache.zookeeper.server.NIOServerCnxn.handleFailedRead(NIOServerCnxn.java:170)
	at org.apache.zookeeper.server.NIOServerCnxn.doIO(NIOServerCnxn.java:333)
	at org.apache.zookeeper.server.NIOServerCnxnFactory$IOWorkRequest.doWork(NIOServerCnxnFactory.java:508)
	at org.apache.zookeeper.server.WorkerService$ScheduledWorkRequest.run(WorkerService.java:153)
	at java.base/java.util.concurrent.ThreadPoolExecutor.runWorker(ThreadPoolExecutor.java:1128)
	at java.base/java.util.concurrent.ThreadPoolExecutor$Worker.run(ThreadPoolExecutor.java:628)
	at java.base/java.lang.Thread.run(Thread.java:835)
2022-04-10 00:10:21,727 [myid:] - INFO  [SessionTracker:o.a.z.s.ZooKeeperServer@632] - Expiring session 0x1000dbd81d300be, timeout of 5000ms exceeded
2022-04-10 00:10:57,822 [myid:] - WARN  [NIOWorkerThread-14:o.a.z.s.NIOServerCnxn@371] - Unexpected exception
org.apache.zookeeper.server.ServerCnxn$EndOfStreamException: Unable to read additional data from client, it probably closed the socket: address = /127.0.0.1:51551, session = 0x1000dbd81d300bc
	at org.apache.zookeeper.server.NIOServerCnxn.handleFailedRead(NIOServerCnxn.java:170)
	at org.apache.zookeeper.server.NIOServerCnxn.doIO(NIOServerCnxn.java:333)
	at org.apache.zookeeper.server.NIOServerCnxnFactory$IOWorkRequest.doWork(NIOServerCnxnFactory.java:508)
	at org.apache.zookeeper.server.WorkerService$ScheduledWorkRequest.run(WorkerService.java:153)
	at java.base/java.util.concurrent.ThreadPoolExecutor.runWorker(ThreadPoolExecutor.java:1128)
	at java.base/java.util.concurrent.ThreadPoolExecutor$Worker.run(ThreadPoolExecutor.java:628)
	at java.base/java.lang.Thread.run(Thread.java:835)
2022-04-10 00:11:01,723 [myid:] - INFO  [SessionTracker:o.a.z.s.ZooKeeperServer@632] - Expiring session 0x1000dbd81d300bc, timeout of 5000ms exceeded
2022-04-10 00:26:40,189 [myid:] - WARN  [NIOWorkerThread-14:o.a.z.s.NIOServerCnxn@371] - Unexpected exception
org.apache.zookeeper.server.ServerCnxn$EndOfStreamException: Unable to read additional data from client, it probably closed the socket: address = /0:0:0:0:0:0:0:1:51604, session = 0x1000dbd81d300c5
	at org.apache.zookeeper.server.NIOServerCnxn.handleFailedRead(NIOServerCnxn.java:170)
	at org.apache.zookeeper.server.NIOServerCnxn.doIO(NIOServerCnxn.java:333)
	at org.apache.zookeeper.server.NIOServerCnxnFactory$IOWorkRequest.doWork(NIOServerCnxnFactory.java:508)
	at org.apache.zookeeper.server.WorkerService$ScheduledWorkRequest.run(WorkerService.java:153)
	at java.base/java.util.concurrent.ThreadPoolExecutor.runWorker(ThreadPoolExecutor.java:1128)
	at java.base/java.util.concurrent.ThreadPoolExecutor$Worker.run(ThreadPoolExecutor.java:628)
	at java.base/java.lang.Thread.run(Thread.java:835)
2022-04-10 00:26:44,610 [myid:] - INFO  [SessionTracker:o.a.z.s.ZooKeeperServer@632] - Expiring session 0x1000dbd81d300c5, timeout of 5000ms exceeded
2022-04-10 00:26:44,804 [myid:] - WARN  [NIOWorkerThread-5:o.a.z.s.NIOServerCnxn@371] - Unexpected exception
org.apache.zookeeper.server.ServerCnxn$EndOfStreamException: Unable to read additional data from client, it probably closed the socket: address = /0:0:0:0:0:0:0:1:51609, session = 0x1000dbd81d300c7
	at org.apache.zookeeper.server.NIOServerCnxn.handleFailedRead(NIOServerCnxn.java:170)
	at org.apache.zookeeper.server.NIOServerCnxn.doIO(NIOServerCnxn.java:333)
	at org.apache.zookeeper.server.NIOServerCnxnFactory$IOWorkRequest.doWork(NIOServerCnxnFactory.java:508)
	at org.apache.zookeeper.server.WorkerService$ScheduledWorkRequest.run(WorkerService.java:153)
	at java.base/java.util.concurrent.ThreadPoolExecutor.runWorker(ThreadPoolExecutor.java:1128)
	at java.base/java.util.concurrent.ThreadPoolExecutor$Worker.run(ThreadPoolExecutor.java:628)
	at java.base/java.lang.Thread.run(Thread.java:835)
2022-04-10 00:26:48,614 [myid:] - INFO  [SessionTracker:o.a.z.s.ZooKeeperServer@632] - Expiring session 0x1000dbd81d300c7, timeout of 5000ms exceeded
2022-04-10 00:42:58,656 [myid:] - WARN  [NIOWorkerThread-7:o.a.z.s.NIOServerCnxn@371] - Unexpected exception
org.apache.zookeeper.server.ServerCnxn$EndOfStreamException: Unable to read additional data from client, it probably closed the socket: address = /127.0.0.1:51705, session = 0x1000dbd81d300cc
	at org.apache.zookeeper.server.NIOServerCnxn.handleFailedRead(NIOServerCnxn.java:170)
	at org.apache.zookeeper.server.NIOServerCnxn.doIO(NIOServerCnxn.java:333)
	at org.apache.zookeeper.server.NIOServerCnxnFactory$IOWorkRequest.doWork(NIOServerCnxnFactory.java:508)
	at org.apache.zookeeper.server.WorkerService$ScheduledWorkRequest.run(WorkerService.java:153)
	at java.base/java.util.concurrent.ThreadPoolExecutor.runWorker(ThreadPoolExecutor.java:1128)
	at java.base/java.util.concurrent.ThreadPoolExecutor$Worker.run(ThreadPoolExecutor.java:628)
	at java.base/java.lang.Thread.run(Thread.java:835)
2022-04-10 00:43:03,371 [myid:] - INFO  [SessionTracker:o.a.z.s.ZooKeeperServer@632] - Expiring session 0x1000dbd81d300cc, timeout of 5000ms exceeded
2022-04-10 00:43:34,248 [myid:] - WARN  [NIOWorkerThread-8:o.a.z.s.NIOServerCnxn@371] - Unexpected exception
org.apache.zookeeper.server.ServerCnxn$EndOfStreamException: Unable to read additional data from client, it probably closed the socket: address = /0:0:0:0:0:0:0:1:51937, session = 0x1000dbd81d300d8
	at org.apache.zookeeper.server.NIOServerCnxn.handleFailedRead(NIOServerCnxn.java:170)
	at org.apache.zookeeper.server.NIOServerCnxn.doIO(NIOServerCnxn.java:333)
	at org.apache.zookeeper.server.NIOServerCnxnFactory$IOWorkRequest.doWork(NIOServerCnxnFactory.java:508)
	at org.apache.zookeeper.server.WorkerService$ScheduledWorkRequest.run(WorkerService.java:153)
	at java.base/java.util.concurrent.ThreadPoolExecutor.runWorker(ThreadPoolExecutor.java:1128)
	at java.base/java.util.concurrent.ThreadPoolExecutor$Worker.run(ThreadPoolExecutor.java:628)
	at java.base/java.lang.Thread.run(Thread.java:835)
2022-04-10 00:43:39,372 [myid:] - INFO  [SessionTracker:o.a.z.s.ZooKeeperServer@632] - Expiring session 0x1000dbd81d300d8, timeout of 5000ms exceeded
2022-04-10 00:44:18,724 [myid:] - WARN  [NIOWorkerThread-12:o.a.z.s.NIOServerCnxn@371] - Unexpected exception
org.apache.zookeeper.server.ServerCnxn$EndOfStreamException: Unable to read additional data from client, it probably closed the socket: address = /127.0.0.1:51934, session = 0x1000dbd81d300d6
	at org.apache.zookeeper.server.NIOServerCnxn.handleFailedRead(NIOServerCnxn.java:170)
	at org.apache.zookeeper.server.NIOServerCnxn.doIO(NIOServerCnxn.java:333)
	at org.apache.zookeeper.server.NIOServerCnxnFactory$IOWorkRequest.doWork(NIOServerCnxnFactory.java:508)
	at org.apache.zookeeper.server.WorkerService$ScheduledWorkRequest.run(WorkerService.java:153)
	at java.base/java.util.concurrent.ThreadPoolExecutor.runWorker(ThreadPoolExecutor.java:1128)
	at java.base/java.util.concurrent.ThreadPoolExecutor$Worker.run(ThreadPoolExecutor.java:628)
	at java.base/java.lang.Thread.run(Thread.java:835)
2022-04-10 00:44:23,368 [myid:] - INFO  [SessionTracker:o.a.z.s.ZooKeeperServer@632] - Expiring session 0x1000dbd81d300d6, timeout of 5000ms exceeded
2022-04-10 00:44:53,748 [myid:] - WARN  [NIOWorkerThread-2:o.a.z.s.NIOServerCnxn@371] - Unexpected exception
org.apache.zookeeper.server.ServerCnxn$EndOfStreamException: Unable to read additional data from client, it probably closed the socket: address = /127.0.0.1:52006, session = 0x1000dbd81d300df
	at org.apache.zookeeper.server.NIOServerCnxn.handleFailedRead(NIOServerCnxn.java:170)
	at org.apache.zookeeper.server.NIOServerCnxn.doIO(NIOServerCnxn.java:333)
	at org.apache.zookeeper.server.NIOServerCnxnFactory$IOWorkRequest.doWork(NIOServerCnxnFactory.java:508)
	at org.apache.zookeeper.server.WorkerService$ScheduledWorkRequest.run(WorkerService.java:153)
	at java.base/java.util.concurrent.ThreadPoolExecutor.runWorker(ThreadPoolExecutor.java:1128)
	at java.base/java.util.concurrent.ThreadPoolExecutor$Worker.run(ThreadPoolExecutor.java:628)
	at java.base/java.lang.Thread.run(Thread.java:835)
2022-04-10 00:44:59,370 [myid:] - INFO  [SessionTracker:o.a.z.s.ZooKeeperServer@632] - Expiring session 0x1000dbd81d300df, timeout of 5000ms exceeded
2022-04-10 00:45:19,484 [myid:] - WARN  [NIOWorkerThread-8:o.a.z.s.NIOServerCnxn@371] - Unexpected exception
org.apache.zookeeper.server.ServerCnxn$EndOfStreamException: Unable to read additional data from client, it probably closed the socket: address = /127.0.0.1:52011, session = 0x1000dbd81d300e1
	at org.apache.zookeeper.server.NIOServerCnxn.handleFailedRead(NIOServerCnxn.java:170)
	at org.apache.zookeeper.server.NIOServerCnxn.doIO(NIOServerCnxn.java:333)
	at org.apache.zookeeper.server.NIOServerCnxnFactory$IOWorkRequest.doWork(NIOServerCnxnFactory.java:508)
	at org.apache.zookeeper.server.WorkerService$ScheduledWorkRequest.run(WorkerService.java:153)
	at java.base/java.util.concurrent.ThreadPoolExecutor.runWorker(ThreadPoolExecutor.java:1128)
	at java.base/java.util.concurrent.ThreadPoolExecutor$Worker.run(ThreadPoolExecutor.java:628)
	at java.base/java.lang.Thread.run(Thread.java:835)
2022-04-10 00:45:23,367 [myid:] - INFO  [SessionTracker:o.a.z.s.ZooKeeperServer@632] - Expiring session 0x1000dbd81d300e1, timeout of 5000ms exceeded
2022-04-10 00:46:13,341 [myid:] - WARN  [NIOWorkerThread-4:o.a.z.s.NIOServerCnxn@371] - Unexpected exception
org.apache.zookeeper.server.ServerCnxn$EndOfStreamException: Unable to read additional data from client, it probably closed the socket: address = /127.0.0.1:52074, session = 0x1000dbd81d300e9
	at org.apache.zookeeper.server.NIOServerCnxn.handleFailedRead(NIOServerCnxn.java:170)
	at org.apache.zookeeper.server.NIOServerCnxn.doIO(NIOServerCnxn.java:333)
	at org.apache.zookeeper.server.NIOServerCnxnFactory$IOWorkRequest.doWork(NIOServerCnxnFactory.java:508)
	at org.apache.zookeeper.server.WorkerService$ScheduledWorkRequest.run(WorkerService.java:153)
	at java.base/java.util.concurrent.ThreadPoolExecutor.runWorker(ThreadPoolExecutor.java:1128)
	at java.base/java.util.concurrent.ThreadPoolExecutor$Worker.run(ThreadPoolExecutor.java:628)
	at java.base/java.lang.Thread.run(Thread.java:835)
2022-04-10 00:46:19,366 [myid:] - INFO  [SessionTracker:o.a.z.s.ZooKeeperServer@632] - Expiring session 0x1000dbd81d300e9, timeout of 5000ms exceeded
2022-04-10 00:46:41,828 [myid:] - WARN  [NIOWorkerThread-10:o.a.z.s.NIOServerCnxn@371] - Unexpected exception
org.apache.zookeeper.server.ServerCnxn$EndOfStreamException: Unable to read additional data from client, it probably closed the socket: address = /0:0:0:0:0:0:0:1:52077, session = 0x1000dbd81d300eb
	at org.apache.zookeeper.server.NIOServerCnxn.handleFailedRead(NIOServerCnxn.java:170)
	at org.apache.zookeeper.server.NIOServerCnxn.doIO(NIOServerCnxn.java:333)
	at org.apache.zookeeper.server.NIOServerCnxnFactory$IOWorkRequest.doWork(NIOServerCnxnFactory.java:508)
	at org.apache.zookeeper.server.WorkerService$ScheduledWorkRequest.run(WorkerService.java:153)
	at java.base/java.util.concurrent.ThreadPoolExecutor.runWorker(ThreadPoolExecutor.java:1128)
	at java.base/java.util.concurrent.ThreadPoolExecutor$Worker.run(ThreadPoolExecutor.java:628)
	at java.base/java.lang.Thread.run(Thread.java:835)
2022-04-10 00:46:47,366 [myid:] - INFO  [SessionTracker:o.a.z.s.ZooKeeperServer@632] - Expiring session 0x1000dbd81d300eb, timeout of 5000ms exceeded
2022-04-10 00:50:25,756 [myid:] - WARN  [NIOWorkerThread-5:o.a.z.s.NIOServerCnxn@371] - Unexpected exception
org.apache.zookeeper.server.ServerCnxn$EndOfStreamException: Unable to read additional data from client, it probably closed the socket: address = /0:0:0:0:0:0:0:1:52107, session = 0x1000dbd81d300f1
	at org.apache.zookeeper.server.NIOServerCnxn.handleFailedRead(NIOServerCnxn.java:170)
	at org.apache.zookeeper.server.NIOServerCnxn.doIO(NIOServerCnxn.java:333)
	at org.apache.zookeeper.server.NIOServerCnxnFactory$IOWorkRequest.doWork(NIOServerCnxnFactory.java:508)
	at org.apache.zookeeper.server.WorkerService$ScheduledWorkRequest.run(WorkerService.java:153)
	at java.base/java.util.concurrent.ThreadPoolExecutor.runWorker(ThreadPoolExecutor.java:1128)
	at java.base/java.util.concurrent.ThreadPoolExecutor$Worker.run(ThreadPoolExecutor.java:628)
	at java.base/java.lang.Thread.run(Thread.java:835)
2022-04-10 00:50:31,366 [myid:] - INFO  [SessionTracker:o.a.z.s.ZooKeeperServer@632] - Expiring session 0x1000dbd81d300f1, timeout of 5000ms exceeded
2022-04-10 00:51:05,804 [myid:] - WARN  [NIOWorkerThread-14:o.a.z.s.NIOServerCnxn@371] - Unexpected exception
org.apache.zookeeper.server.ServerCnxn$EndOfStreamException: Unable to read additional data from client, it probably closed the socket: address = /0:0:0:0:0:0:0:1:52220, session = 0x1000dbd81d300f9
	at org.apache.zookeeper.server.NIOServerCnxn.handleFailedRead(NIOServerCnxn.java:170)
	at org.apache.zookeeper.server.NIOServerCnxn.doIO(NIOServerCnxn.java:333)
	at org.apache.zookeeper.server.NIOServerCnxnFactory$IOWorkRequest.doWork(NIOServerCnxnFactory.java:508)
	at org.apache.zookeeper.server.WorkerService$ScheduledWorkRequest.run(WorkerService.java:153)
	at java.base/java.util.concurrent.ThreadPoolExecutor.runWorker(ThreadPoolExecutor.java:1128)
	at java.base/java.util.concurrent.ThreadPoolExecutor$Worker.run(ThreadPoolExecutor.java:628)
	at java.base/java.lang.Thread.run(Thread.java:835)
2022-04-10 00:51:09,366 [myid:] - INFO  [SessionTracker:o.a.z.s.ZooKeeperServer@632] - Expiring session 0x1000dbd81d300f9, timeout of 5000ms exceeded
2022-04-10 00:51:45,280 [myid:] - WARN  [NIOWorkerThread-9:o.a.z.s.NIOServerCnxn@371] - Unexpected exception
org.apache.zookeeper.server.ServerCnxn$EndOfStreamException: Unable to read additional data from client, it probably closed the socket: address = /127.0.0.1:52223, session = 0x1000dbd81d300fb
	at org.apache.zookeeper.server.NIOServerCnxn.handleFailedRead(NIOServerCnxn.java:170)
	at org.apache.zookeeper.server.NIOServerCnxn.doIO(NIOServerCnxn.java:333)
	at org.apache.zookeeper.server.NIOServerCnxnFactory$IOWorkRequest.doWork(NIOServerCnxnFactory.java:508)
	at org.apache.zookeeper.server.WorkerService$ScheduledWorkRequest.run(WorkerService.java:153)
	at java.base/java.util.concurrent.ThreadPoolExecutor.runWorker(ThreadPoolExecutor.java:1128)
	at java.base/java.util.concurrent.ThreadPoolExecutor$Worker.run(ThreadPoolExecutor.java:628)
	at java.base/java.lang.Thread.run(Thread.java:835)
2022-04-10 00:51:51,364 [myid:] - INFO  [SessionTracker:o.a.z.s.ZooKeeperServer@632] - Expiring session 0x1000dbd81d300fb, timeout of 5000ms exceeded
2022-04-10 00:54:11,087 [myid:] - WARN  [NIOWorkerThread-7:o.a.z.s.NIOServerCnxn@371] - Unexpected exception
org.apache.zookeeper.server.ServerCnxn$EndOfStreamException: Unable to read additional data from client, it probably closed the socket: address = /0:0:0:0:0:0:0:1:52259, session = 0x1000dbd81d30100
	at org.apache.zookeeper.server.NIOServerCnxn.handleFailedRead(NIOServerCnxn.java:170)
	at org.apache.zookeeper.server.NIOServerCnxn.doIO(NIOServerCnxn.java:333)
	at org.apache.zookeeper.server.NIOServerCnxnFactory$IOWorkRequest.doWork(NIOServerCnxnFactory.java:508)
	at org.apache.zookeeper.server.WorkerService$ScheduledWorkRequest.run(WorkerService.java:153)
	at java.base/java.util.concurrent.ThreadPoolExecutor.runWorker(ThreadPoolExecutor.java:1128)
	at java.base/java.util.concurrent.ThreadPoolExecutor$Worker.run(ThreadPoolExecutor.java:628)
	at java.base/java.lang.Thread.run(Thread.java:835)
2022-04-10 00:54:17,361 [myid:] - INFO  [SessionTracker:o.a.z.s.ZooKeeperServer@632] - Expiring session 0x1000dbd81d30100, timeout of 5000ms exceeded
2022-04-10 00:54:34,443 [myid:] - WARN  [NIOWorkerThread-10:o.a.z.s.NIOServerCnxn@371] - Unexpected exception
org.apache.zookeeper.server.ServerCnxn$EndOfStreamException: Unable to read additional data from client, it probably closed the socket: address = /127.0.0.1:52354, session = 0x1000dbd81d30106
	at org.apache.zookeeper.server.NIOServerCnxn.handleFailedRead(NIOServerCnxn.java:170)
	at org.apache.zookeeper.server.NIOServerCnxn.doIO(NIOServerCnxn.java:333)
	at org.apache.zookeeper.server.NIOServerCnxnFactory$IOWorkRequest.doWork(NIOServerCnxnFactory.java:508)
	at org.apache.zookeeper.server.WorkerService$ScheduledWorkRequest.run(WorkerService.java:153)
	at java.base/java.util.concurrent.ThreadPoolExecutor.runWorker(ThreadPoolExecutor.java:1128)
	at java.base/java.util.concurrent.ThreadPoolExecutor$Worker.run(ThreadPoolExecutor.java:628)
	at java.base/java.lang.Thread.run(Thread.java:835)
2022-04-10 00:54:39,363 [myid:] - INFO  [SessionTracker:o.a.z.s.ZooKeeperServer@632] - Expiring session 0x1000dbd81d30106, timeout of 5000ms exceeded
2022-04-10 00:55:58,710 [myid:] - WARN  [NIOWorkerThread-13:o.a.z.s.NIOServerCnxn@371] - Unexpected exception
org.apache.zookeeper.server.ServerCnxn$EndOfStreamException: Unable to read additional data from client, it probably closed the socket: address = /0:0:0:0:0:0:0:1:52410, session = 0x1000dbd81d30110
	at org.apache.zookeeper.server.NIOServerCnxn.handleFailedRead(NIOServerCnxn.java:170)
	at org.apache.zookeeper.server.NIOServerCnxn.doIO(NIOServerCnxn.java:333)
	at org.apache.zookeeper.server.NIOServerCnxnFactory$IOWorkRequest.doWork(NIOServerCnxnFactory.java:508)
	at org.apache.zookeeper.server.WorkerService$ScheduledWorkRequest.run(WorkerService.java:153)
	at java.base/java.util.concurrent.ThreadPoolExecutor.runWorker(ThreadPoolExecutor.java:1128)
	at java.base/java.util.concurrent.ThreadPoolExecutor$Worker.run(ThreadPoolExecutor.java:628)
	at java.base/java.lang.Thread.run(Thread.java:835)
2022-04-10 00:56:03,358 [myid:] - INFO  [SessionTracker:o.a.z.s.ZooKeeperServer@632] - Expiring session 0x1000dbd81d30110, timeout of 5000ms exceeded
2022-04-10 01:07:29,704 [myid:] - WARN  [NIOWorkerThread-4:o.a.z.s.NIOServerCnxn@371] - Unexpected exception
org.apache.zookeeper.server.ServerCnxn$EndOfStreamException: Unable to read additional data from client, it probably closed the socket: address = /127.0.0.1:50169, session = 0x1000dbd81d3007d
	at org.apache.zookeeper.server.NIOServerCnxn.handleFailedRead(NIOServerCnxn.java:170)
	at org.apache.zookeeper.server.NIOServerCnxn.doIO(NIOServerCnxn.java:333)
	at org.apache.zookeeper.server.NIOServerCnxnFactory$IOWorkRequest.doWork(NIOServerCnxnFactory.java:508)
	at org.apache.zookeeper.server.WorkerService$ScheduledWorkRequest.run(WorkerService.java:153)
	at java.base/java.util.concurrent.ThreadPoolExecutor.runWorker(ThreadPoolExecutor.java:1128)
	at java.base/java.util.concurrent.ThreadPoolExecutor$Worker.run(ThreadPoolExecutor.java:628)
	at java.base/java.lang.Thread.run(Thread.java:835)
2022-04-10 01:07:37,559 [myid:] - WARN  [NIOWorkerThread-10:o.a.z.s.NIOServerCnxn@371] - Unexpected exception
org.apache.zookeeper.server.ServerCnxn$EndOfStreamException: Unable to read additional data from client, it probably closed the socket: address = /127.0.0.1:52403, session = 0x1000dbd81d3010e
	at org.apache.zookeeper.server.NIOServerCnxn.handleFailedRead(NIOServerCnxn.java:170)
	at org.apache.zookeeper.server.NIOServerCnxn.doIO(NIOServerCnxn.java:333)
	at org.apache.zookeeper.server.NIOServerCnxnFactory$IOWorkRequest.doWork(NIOServerCnxnFactory.java:508)
	at org.apache.zookeeper.server.WorkerService$ScheduledWorkRequest.run(WorkerService.java:153)
	at java.base/java.util.concurrent.ThreadPoolExecutor.runWorker(ThreadPoolExecutor.java:1128)
	at java.base/java.util.concurrent.ThreadPoolExecutor$Worker.run(ThreadPoolExecutor.java:628)
	at java.base/java.lang.Thread.run(Thread.java:835)
2022-04-10 01:07:41,350 [myid:] - INFO  [SessionTracker:o.a.z.s.ZooKeeperServer@632] - Expiring session 0x1000dbd81d3010e, timeout of 5000ms exceeded
2022-04-10 01:07:59,402 [myid:] - INFO  [SessionTracker:o.a.z.s.ZooKeeperServer@632] - Expiring session 0x1000dbd81d3007d, timeout of 30000ms exceeded
2022-04-10 01:08:23,911 [myid:] - WARN  [NIOWorkerThread-2:o.a.z.s.NIOServerCnxn@371] - Unexpected exception
org.apache.zookeeper.server.ServerCnxn$EndOfStreamException: Unable to read additional data from client, it probably closed the socket: address = /0:0:0:0:0:0:0:1:52760, session = 0x1000dbd81d3011f
	at org.apache.zookeeper.server.NIOServerCnxn.handleFailedRead(NIOServerCnxn.java:170)
	at org.apache.zookeeper.server.NIOServerCnxn.doIO(NIOServerCnxn.java:333)
	at org.apache.zookeeper.server.NIOServerCnxnFactory$IOWorkRequest.doWork(NIOServerCnxnFactory.java:508)
	at org.apache.zookeeper.server.WorkerService$ScheduledWorkRequest.run(WorkerService.java:153)
	at java.base/java.util.concurrent.ThreadPoolExecutor.runWorker(ThreadPoolExecutor.java:1128)
	at java.base/java.util.concurrent.ThreadPoolExecutor$Worker.run(ThreadPoolExecutor.java:628)
	at java.base/java.lang.Thread.run(Thread.java:835)
2022-04-10 01:08:29,405 [myid:] - INFO  [SessionTracker:o.a.z.s.ZooKeeperServer@632] - Expiring session 0x1000dbd81d3011f, timeout of 5000ms exceeded
2022-04-10 01:09:02,046 [myid:] - WARN  [NIOWorkerThread-9:o.a.z.s.NIOServerCnxn@371] - Unexpected exception
org.apache.zookeeper.server.ServerCnxn$EndOfStreamException: Unable to read additional data from client, it probably closed the socket: address = /127.0.0.1:52749, session = 0x1000dbd81d3011c
	at org.apache.zookeeper.server.NIOServerCnxn.handleFailedRead(NIOServerCnxn.java:170)
	at org.apache.zookeeper.server.NIOServerCnxn.doIO(NIOServerCnxn.java:333)
	at org.apache.zookeeper.server.NIOServerCnxnFactory$IOWorkRequest.doWork(NIOServerCnxnFactory.java:508)
	at org.apache.zookeeper.server.WorkerService$ScheduledWorkRequest.run(WorkerService.java:153)
	at java.base/java.util.concurrent.ThreadPoolExecutor.runWorker(ThreadPoolExecutor.java:1128)
	at java.base/java.util.concurrent.ThreadPoolExecutor$Worker.run(ThreadPoolExecutor.java:628)
	at java.base/java.lang.Thread.run(Thread.java:835)
2022-04-10 01:09:27,401 [myid:] - INFO  [SessionTracker:o.a.z.s.ZooKeeperServer@632] - Expiring session 0x1000dbd81d3011c, timeout of 30000ms exceeded
2022-04-10 01:10:06,109 [myid:] - WARN  [NIOWorkerThread-15:o.a.z.s.NIOServerCnxn@371] - Unexpected exception
org.apache.zookeeper.server.ServerCnxn$EndOfStreamException: Unable to read additional data from client, it probably closed the socket: address = /0:0:0:0:0:0:0:1:52757, session = 0x1000dbd81d3011d
	at org.apache.zookeeper.server.NIOServerCnxn.handleFailedRead(NIOServerCnxn.java:170)
	at org.apache.zookeeper.server.NIOServerCnxn.doIO(NIOServerCnxn.java:333)
	at org.apache.zookeeper.server.NIOServerCnxnFactory$IOWorkRequest.doWork(NIOServerCnxnFactory.java:508)
	at org.apache.zookeeper.server.WorkerService$ScheduledWorkRequest.run(WorkerService.java:153)
	at java.base/java.util.concurrent.ThreadPoolExecutor.runWorker(ThreadPoolExecutor.java:1128)
	at java.base/java.util.concurrent.ThreadPoolExecutor$Worker.run(ThreadPoolExecutor.java:628)
	at java.base/java.lang.Thread.run(Thread.java:835)
2022-04-10 01:10:11,400 [myid:] - INFO  [SessionTracker:o.a.z.s.ZooKeeperServer@632] - Expiring session 0x1000dbd81d3011d, timeout of 5000ms exceeded
2022-04-10 01:12:09,740 [myid:] - WARN  [NIOWorkerThread-6:o.a.z.s.NIOServerCnxn@371] - Unexpected exception
org.apache.zookeeper.server.ServerCnxn$EndOfStreamException: Unable to read additional data from client, it probably closed the socket: address = /0:0:0:0:0:0:0:1:52848, session = 0x1000dbd81d30126
	at org.apache.zookeeper.server.NIOServerCnxn.handleFailedRead(NIOServerCnxn.java:170)
	at org.apache.zookeeper.server.NIOServerCnxn.doIO(NIOServerCnxn.java:333)
	at org.apache.zookeeper.server.NIOServerCnxnFactory$IOWorkRequest.doWork(NIOServerCnxnFactory.java:508)
	at org.apache.zookeeper.server.WorkerService$ScheduledWorkRequest.run(WorkerService.java:153)
	at java.base/java.util.concurrent.ThreadPoolExecutor.runWorker(ThreadPoolExecutor.java:1128)
	at java.base/java.util.concurrent.ThreadPoolExecutor$Worker.run(ThreadPoolExecutor.java:628)
	at java.base/java.lang.Thread.run(Thread.java:835)
2022-04-10 01:12:13,402 [myid:] - INFO  [SessionTracker:o.a.z.s.ZooKeeperServer@632] - Expiring session 0x1000dbd81d30126, timeout of 5000ms exceeded
