2022-04-06 22:28:57,798 [myid:] - INFO  [main:o.a.z.s.q.QuorumPeerConfig@177] - Reading configuration from: /Users/rodrigopinto/Desktop/IST/Masters/3º Quarter/SEC/Project/BFTB/BFTB-SEC/apache-zookeeper-3.8.0-bin/bin/../conf/zoo.cfg
2022-04-06 22:28:57,804 [myid:] - WARN  [main:o.a.z.s.u.VerifyingFileFactory@65] - ../../zookeeper/data is relative. Prepend ./ to indicate that you're sure!
2022-04-06 22:28:57,808 [myid:] - INFO  [main:o.a.z.s.q.QuorumPeerConfig@440] - clientPortAddress is 0.0.0.0:2181
2022-04-06 22:28:57,809 [myid:] - INFO  [main:o.a.z.s.q.QuorumPeerConfig@444] - secureClientPort is not set
2022-04-06 22:28:57,809 [myid:] - INFO  [main:o.a.z.s.q.QuorumPeerConfig@460] - observerMasterPort is not set
2022-04-06 22:28:57,809 [myid:] - INFO  [main:o.a.z.s.q.QuorumPeerConfig@477] - metricsProvider.className is org.apache.zookeeper.metrics.impl.DefaultMetricsProvider
2022-04-06 22:28:57,812 [myid:] - INFO  [main:o.a.z.s.DatadirCleanupManager@78] - autopurge.snapRetainCount set to 3
2022-04-06 22:28:57,813 [myid:] - INFO  [main:o.a.z.s.DatadirCleanupManager@79] - autopurge.purgeInterval set to 0
2022-04-06 22:28:57,813 [myid:] - INFO  [main:o.a.z.s.DatadirCleanupManager@101] - Purge task is not scheduled.
2022-04-06 22:28:57,813 [myid:] - WARN  [main:o.a.z.s.q.QuorumPeerMain@139] - Either no config or no quorum defined in config, running in standalone mode
2022-04-06 22:28:57,815 [myid:] - INFO  [main:o.a.z.j.ManagedUtil@46] - Log4j 1.2 jmx support not found; jmx disabled.
2022-04-06 22:28:57,816 [myid:] - INFO  [main:o.a.z.s.q.QuorumPeerConfig@177] - Reading configuration from: /Users/rodrigopinto/Desktop/IST/Masters/3º Quarter/SEC/Project/BFTB/BFTB-SEC/apache-zookeeper-3.8.0-bin/bin/../conf/zoo.cfg
2022-04-06 22:28:57,817 [myid:] - WARN  [main:o.a.z.s.u.VerifyingFileFactory@65] - ../../zookeeper/data is relative. Prepend ./ to indicate that you're sure!
2022-04-06 22:28:57,817 [myid:] - INFO  [main:o.a.z.s.q.QuorumPeerConfig@440] - clientPortAddress is 0.0.0.0:2181
2022-04-06 22:28:57,818 [myid:] - INFO  [main:o.a.z.s.q.QuorumPeerConfig@444] - secureClientPort is not set
2022-04-06 22:28:57,818 [myid:] - INFO  [main:o.a.z.s.q.QuorumPeerConfig@460] - observerMasterPort is not set
2022-04-06 22:28:57,818 [myid:] - INFO  [main:o.a.z.s.q.QuorumPeerConfig@477] - metricsProvider.className is org.apache.zookeeper.metrics.impl.DefaultMetricsProvider
2022-04-06 22:28:57,818 [myid:] - INFO  [main:o.a.z.s.ZooKeeperServerMain@123] - Starting server
2022-04-06 22:28:57,831 [myid:] - INFO  [main:o.a.z.s.ServerMetrics@64] - ServerMetrics initialized with provider org.apache.zookeeper.metrics.impl.DefaultMetricsProvider@6ae5aa72
2022-04-06 22:28:57,834 [myid:] - INFO  [main:o.a.z.s.a.DigestAuthenticationProvider@47] - ACL digest algorithm is: SHA1
2022-04-06 22:28:57,834 [myid:] - INFO  [main:o.a.z.s.a.DigestAuthenticationProvider@61] - zookeeper.DigestAuthenticationProvider.enabled = true
2022-04-06 22:28:57,838 [myid:] - INFO  [main:o.a.z.s.p.FileTxnSnapLog@124] - zookeeper.snapshot.trust.empty : false
2022-04-06 22:28:57,849 [myid:] - INFO  [main:o.a.z.ZookeeperBanner@42] - 
2022-04-06 22:28:57,849 [myid:] - INFO  [main:o.a.z.ZookeeperBanner@42] -   ______                  _                                          
2022-04-06 22:28:57,849 [myid:] - INFO  [main:o.a.z.ZookeeperBanner@42] -  |___  /                 | |                                         
2022-04-06 22:28:57,849 [myid:] - INFO  [main:o.a.z.ZookeeperBanner@42] -     / /    ___     ___   | | __   ___    ___   _ __     ___   _ __   
2022-04-06 22:28:57,849 [myid:] - INFO  [main:o.a.z.ZookeeperBanner@42] -    / /    / _ \   / _ \  | |/ /  / _ \  / _ \ | '_ \   / _ \ | '__|
2022-04-06 22:28:57,849 [myid:] - INFO  [main:o.a.z.ZookeeperBanner@42] -   / /__  | (_) | | (_) | |   <  |  __/ |  __/ | |_) | |  __/ | |    
2022-04-06 22:28:57,849 [myid:] - INFO  [main:o.a.z.ZookeeperBanner@42] -  /_____|  \___/   \___/  |_|\_\  \___|  \___| | .__/   \___| |_|
2022-04-06 22:28:57,850 [myid:] - INFO  [main:o.a.z.ZookeeperBanner@42] -                                               | |                     
2022-04-06 22:28:57,850 [myid:] - INFO  [main:o.a.z.ZookeeperBanner@42] -                                               |_|                     
2022-04-06 22:28:57,850 [myid:] - INFO  [main:o.a.z.ZookeeperBanner@42] - 
2022-04-06 22:28:57,858 [myid:] - INFO  [main:o.a.z.Environment@98] - Server environment:zookeeper.version=3.8.0-5a02a05eddb59aee6ac762f7ea82e92a68eb9c0f, built on 2022-02-25 08:49 UTC
2022-04-06 22:28:57,859 [myid:] - INFO  [main:o.a.z.Environment@98] - Server environment:host.name=rodrigos-mbp-2
2022-04-06 22:28:57,859 [myid:] - INFO  [main:o.a.z.Environment@98] - Server environment:java.version=12.0.1
2022-04-06 22:28:57,859 [myid:] - INFO  [main:o.a.z.Environment@98] - Server environment:java.vendor=Oracle Corporation
2022-04-06 22:28:57,859 [myid:] - INFO  [main:o.a.z.Environment@98] - Server environment:java.home=/Library/Java/JavaVirtualMachines/jdk-12.0.1.jdk/Contents/Home
2022-04-06 22:28:57,859 [myid:] - INFO  [main:o.a.z.Environment@98] - Server environment:java.class.path=/Users/rodrigopinto/Desktop/IST/Masters/3º Quarter/SEC/Project/BFTB/BFTB-SEC/apache-zookeeper-3.8.0-bin/bin/../zookeeper-server/target/classes:/Users/rodrigopinto/Desktop/IST/Masters/3º Quarter/SEC/Project/BFTB/BFTB-SEC/apache-zookeeper-3.8.0-bin/bin/../build/classes:/Users/rodrigopinto/Desktop/IST/Masters/3º Quarter/SEC/Project/BFTB/BFTB-SEC/apache-zookeeper-3.8.0-bin/bin/../zookeeper-server/target/lib/*.jar:/Users/rodrigopinto/Desktop/IST/Masters/3º Quarter/SEC/Project/BFTB/BFTB-SEC/apache-zookeeper-3.8.0-bin/bin/../build/lib/*.jar:/Users/rodrigopinto/Desktop/IST/Masters/3º Quarter/SEC/Project/BFTB/BFTB-SEC/apache-zookeeper-3.8.0-bin/bin/../lib/zookeeper-prometheus-metrics-3.8.0.jar:/Users/rodrigopinto/Desktop/IST/Masters/3º Quarter/SEC/Project/BFTB/BFTB-SEC/apache-zookeeper-3.8.0-bin/bin/../lib/zookeeper-jute-3.8.0.jar:/Users/rodrigopinto/Desktop/IST/Masters/3º Quarter/SEC/Project/BFTB/BFTB-SEC/apache-zookeeper-3.8.0-bin/bin/../lib/zookeeper-3.8.0.jar:/Users/rodrigopinto/Desktop/IST/Masters/3º Quarter/SEC/Project/BFTB/BFTB-SEC/apache-zookeeper-3.8.0-bin/bin/../lib/snappy-java-1.1.7.7.jar:/Users/rodrigopinto/Desktop/IST/Masters/3º Quarter/SEC/Project/BFTB/BFTB-SEC/apache-zookeeper-3.8.0-bin/bin/../lib/slf4j-api-1.7.30.jar:/Users/rodrigopinto/Desktop/IST/Masters/3º Quarter/SEC/Project/BFTB/BFTB-SEC/apache-zookeeper-3.8.0-bin/bin/../lib/simpleclient_servlet-0.9.0.jar:/Users/rodrigopinto/Desktop/IST/Masters/3º Quarter/SEC/Project/BFTB/BFTB-SEC/apache-zookeeper-3.8.0-bin/bin/../lib/simpleclient_hotspot-0.9.0.jar:/Users/rodrigopinto/Desktop/IST/Masters/3º Quarter/SEC/Project/BFTB/BFTB-SEC/apache-zookeeper-3.8.0-bin/bin/../lib/simpleclient_common-0.9.0.jar:/Users/rodrigopinto/Desktop/IST/Masters/3º Quarter/SEC/Project/BFTB/BFTB-SEC/apache-zookeeper-3.8.0-bin/bin/../lib/simpleclient-0.9.0.jar:/Users/rodrigopinto/Desktop/IST/Masters/3º Quarter/SEC/Project/BFTB/BFTB-SEC/apache-zookeeper-3.8.0-bin/bin/../lib/netty-transport-native-unix-common-4.1.73.Final.jar:/Users/rodrigopinto/Desktop/IST/Masters/3º Quarter/SEC/Project/BFTB/BFTB-SEC/apache-zookeeper-3.8.0-bin/bin/../lib/netty-transport-native-epoll-4.1.73.Final.jar:/Users/rodrigopinto/Desktop/IST/Masters/3º Quarter/SEC/Project/BFTB/BFTB-SEC/apache-zookeeper-3.8.0-bin/bin/../lib/netty-transport-classes-epoll-4.1.73.Final.jar:/Users/rodrigopinto/Desktop/IST/Masters/3º Quarter/SEC/Project/BFTB/BFTB-SEC/apache-zookeeper-3.8.0-bin/bin/../lib/netty-transport-4.1.73.Final.jar:/Users/rodrigopinto/Desktop/IST/Masters/3º Quarter/SEC/Project/BFTB/BFTB-SEC/apache-zookeeper-3.8.0-bin/bin/../lib/netty-tcnative-classes-2.0.48.Final.jar:/Users/rodrigopinto/Desktop/IST/Masters/3º Quarter/SEC/Project/BFTB/BFTB-SEC/apache-zookeeper-3.8.0-bin/bin/../lib/netty-tcnative-2.0.48.Final.jar:/Users/rodrigopinto/Desktop/IST/Masters/3º Quarter/SEC/Project/BFTB/BFTB-SEC/apache-zookeeper-3.8.0-bin/bin/../lib/netty-resolver-4.1.73.Final.jar:/Users/rodrigopinto/Desktop/IST/Masters/3º Quarter/SEC/Project/BFTB/BFTB-SEC/apache-zookeeper-3.8.0-bin/bin/../lib/netty-handler-4.1.73.Final.jar:/Users/rodrigopinto/Desktop/IST/Masters/3º Quarter/SEC/Project/BFTB/BFTB-SEC/apache-zookeeper-3.8.0-bin/bin/../lib/netty-common-4.1.73.Final.jar:/Users/rodrigopinto/Desktop/IST/Masters/3º Quarter/SEC/Project/BFTB/BFTB-SEC/apache-zookeeper-3.8.0-bin/bin/../lib/netty-codec-4.1.73.Final.jar:/Users/rodrigopinto/Desktop/IST/Masters/3º Quarter/SEC/Project/BFTB/BFTB-SEC/apache-zookeeper-3.8.0-bin/bin/../lib/netty-buffer-4.1.73.Final.jar:/Users/rodrigopinto/Desktop/IST/Masters/3º Quarter/SEC/Project/BFTB/BFTB-SEC/apache-zookeeper-3.8.0-bin/bin/../lib/metrics-core-4.1.12.1.jar:/Users/rodrigopinto/Desktop/IST/Masters/3º Quarter/SEC/Project/BFTB/BFTB-SEC/apache-zookeeper-3.8.0-bin/bin/../lib/logback-core-1.2.10.jar:/Users/rodrigopinto/Desktop/IST/Masters/3º Quarter/SEC/Project/BFTB/BFTB-SEC/apache-zookeeper-3.8.0-bin/bin/../lib/logback-classic-1.2.10.jar:/Users/rodrigopinto/Desktop/IST/Masters/3º Quarter/SEC/Project/BFTB/BFTB-SEC/apache-zookeeper-3.8.0-bin/bin/../lib/jline-2.14.6.jar:/Users/rodrigopinto/Desktop/IST/Masters/3º Quarter/SEC/Project/BFTB/BFTB-SEC/apache-zookeeper-3.8.0-bin/bin/../lib/jetty-util-ajax-9.4.43.v20210629.jar:/Users/rodrigopinto/Desktop/IST/Masters/3º Quarter/SEC/Project/BFTB/BFTB-SEC/apache-zookeeper-3.8.0-bin/bin/../lib/jetty-util-9.4.43.v20210629.jar:/Users/rodrigopinto/Desktop/IST/Masters/3º Quarter/SEC/Project/BFTB/BFTB-SEC/apache-zookeeper-3.8.0-bin/bin/../lib/jetty-servlet-9.4.43.v20210629.jar:/Users/rodrigopinto/Desktop/IST/Masters/3º Quarter/SEC/Project/BFTB/BFTB-SEC/apache-zookeeper-3.8.0-bin/bin/../lib/jetty-server-9.4.43.v20210629.jar:/Users/rodrigopinto/Desktop/IST/Masters/3º Quarter/SEC/Project/BFTB/BFTB-SEC/apache-zookeeper-3.8.0-bin/bin/../lib/jetty-security-9.4.43.v20210629.jar:/Users/rodrigopinto/Desktop/IST/Masters/3º Quarter/SEC/Project/BFTB/BFTB-SEC/apache-zookeeper-3.8.0-bin/bin/../lib/jetty-io-9.4.43.v20210629.jar:/Users/rodrigopinto/Desktop/IST/Masters/3º Quarter/SEC/Project/BFTB/BFTB-SEC/apache-zookeeper-3.8.0-bin/bin/../lib/jetty-http-9.4.43.v20210629.jar:/Users/rodrigopinto/Desktop/IST/Masters/3º Quarter/SEC/Project/BFTB/BFTB-SEC/apache-zookeeper-3.8.0-bin/bin/../lib/javax.servlet-api-3.1.0.jar:/Users/rodrigopinto/Desktop/IST/Masters/3º Quarter/SEC/Project/BFTB/BFTB-SEC/apache-zookeeper-3.8.0-bin/bin/../lib/jackson-databind-2.13.1.jar:/Users/rodrigopinto/Desktop/IST/Masters/3º Quarter/SEC/Project/BFTB/BFTB-SEC/apache-zookeeper-3.8.0-bin/bin/../lib/jackson-core-2.13.1.jar:/Users/rodrigopinto/Desktop/IST/Masters/3º Quarter/SEC/Project/BFTB/BFTB-SEC/apache-zookeeper-3.8.0-bin/bin/../lib/jackson-annotations-2.13.1.jar:/Users/rodrigopinto/Desktop/IST/Masters/3º Quarter/SEC/Project/BFTB/BFTB-SEC/apache-zookeeper-3.8.0-bin/bin/../lib/commons-io-2.11.0.jar:/Users/rodrigopinto/Desktop/IST/Masters/3º Quarter/SEC/Project/BFTB/BFTB-SEC/apache-zookeeper-3.8.0-bin/bin/../lib/commons-cli-1.4.jar:/Users/rodrigopinto/Desktop/IST/Masters/3º Quarter/SEC/Project/BFTB/BFTB-SEC/apache-zookeeper-3.8.0-bin/bin/../lib/audience-annotations-0.12.0.jar:/Users/rodrigopinto/Desktop/IST/Masters/3º Quarter/SEC/Project/BFTB/BFTB-SEC/apache-zookeeper-3.8.0-bin/bin/../zookeeper-*.jar:/Users/rodrigopinto/Desktop/IST/Masters/3º Quarter/SEC/Project/BFTB/BFTB-SEC/apache-zookeeper-3.8.0-bin/bin/../zookeeper-server/src/main/resources/lib/*.jar:/Users/rodrigopinto/Desktop/IST/Masters/3º Quarter/SEC/Project/BFTB/BFTB-SEC/apache-zookeeper-3.8.0-bin/bin/../conf:
2022-04-06 22:28:57,860 [myid:] - INFO  [main:o.a.z.Environment@98] - Server environment:java.library.path=/Users/rodrigopinto/Library/Java/Extensions:/Library/Java/Extensions:/Network/Library/Java/Extensions:/System/Library/Java/Extensions:/usr/lib/java:.
2022-04-06 22:28:57,860 [myid:] - INFO  [main:o.a.z.Environment@98] - Server environment:java.io.tmpdir=/var/folders/3y/49fq9ngd4k38q1sk_yw7kxzc0000gn/T/
2022-04-06 22:28:57,860 [myid:] - INFO  [main:o.a.z.Environment@98] - Server environment:java.compiler=<NA>
2022-04-06 22:28:57,860 [myid:] - INFO  [main:o.a.z.Environment@98] - Server environment:os.name=Mac OS X
2022-04-06 22:28:57,860 [myid:] - INFO  [main:o.a.z.Environment@98] - Server environment:os.arch=x86_64
2022-04-06 22:28:57,860 [myid:] - INFO  [main:o.a.z.Environment@98] - Server environment:os.version=10.16
2022-04-06 22:28:57,860 [myid:] - INFO  [main:o.a.z.Environment@98] - Server environment:user.name=rodrigopinto
2022-04-06 22:28:57,860 [myid:] - INFO  [main:o.a.z.Environment@98] - Server environment:user.home=/Users/rodrigopinto
2022-04-06 22:28:57,861 [myid:] - INFO  [main:o.a.z.Environment@98] - Server environment:user.dir=/Users/rodrigopinto/Desktop/IST/Masters/3º Quarter/SEC/Project/BFTB/BFTB-SEC/apache-zookeeper-3.8.0-bin
2022-04-06 22:28:57,861 [myid:] - INFO  [main:o.a.z.Environment@98] - Server environment:os.memory.free=239MB
2022-04-06 22:28:57,861 [myid:] - INFO  [main:o.a.z.Environment@98] - Server environment:os.memory.max=1000MB
2022-04-06 22:28:57,861 [myid:] - INFO  [main:o.a.z.Environment@98] - Server environment:os.memory.total=258MB
2022-04-06 22:28:57,861 [myid:] - INFO  [main:o.a.z.s.ZooKeeperServer@140] - zookeeper.enableEagerACLCheck = false
2022-04-06 22:28:57,861 [myid:] - INFO  [main:o.a.z.s.ZooKeeperServer@153] - zookeeper.digest.enabled = true
2022-04-06 22:28:57,861 [myid:] - INFO  [main:o.a.z.s.ZooKeeperServer@157] - zookeeper.closeSessionTxn.enabled = true
2022-04-06 22:28:57,862 [myid:] - INFO  [main:o.a.z.s.ZooKeeperServer@1496] - zookeeper.flushDelay = 0 ms
2022-04-06 22:28:57,862 [myid:] - INFO  [main:o.a.z.s.ZooKeeperServer@1505] - zookeeper.maxWriteQueuePollTime = 0 ms
2022-04-06 22:28:57,862 [myid:] - INFO  [main:o.a.z.s.ZooKeeperServer@1514] - zookeeper.maxBatchSize=1000
2022-04-06 22:28:57,862 [myid:] - INFO  [main:o.a.z.s.ZooKeeperServer@264] - zookeeper.intBufferStartingSizeBytes = 1024
2022-04-06 22:28:57,863 [myid:] - INFO  [main:o.a.z.s.BlueThrottle@141] - Weighed connection throttling is disabled
2022-04-06 22:28:57,865 [myid:] - INFO  [main:o.a.z.s.ZooKeeperServer@1297] - minSessionTimeout set to 4000 ms
2022-04-06 22:28:57,865 [myid:] - INFO  [main:o.a.z.s.ZooKeeperServer@1306] - maxSessionTimeout set to 40000 ms
2022-04-06 22:28:57,866 [myid:] - INFO  [main:o.a.z.s.ResponseCache@45] - getData response cache size is initialized with value 400.
2022-04-06 22:28:57,867 [myid:] - INFO  [main:o.a.z.s.ResponseCache@45] - getChildren response cache size is initialized with value 400.
2022-04-06 22:28:57,868 [myid:] - INFO  [main:o.a.z.s.u.RequestPathMetricsCollector@109] - zookeeper.pathStats.slotCapacity = 60
2022-04-06 22:28:57,868 [myid:] - INFO  [main:o.a.z.s.u.RequestPathMetricsCollector@110] - zookeeper.pathStats.slotDuration = 15
2022-04-06 22:28:57,868 [myid:] - INFO  [main:o.a.z.s.u.RequestPathMetricsCollector@111] - zookeeper.pathStats.maxDepth = 6
2022-04-06 22:28:57,868 [myid:] - INFO  [main:o.a.z.s.u.RequestPathMetricsCollector@112] - zookeeper.pathStats.initialDelay = 5
2022-04-06 22:28:57,869 [myid:] - INFO  [main:o.a.z.s.u.RequestPathMetricsCollector@113] - zookeeper.pathStats.delay = 5
2022-04-06 22:28:57,869 [myid:] - INFO  [main:o.a.z.s.u.RequestPathMetricsCollector@114] - zookeeper.pathStats.enabled = false
2022-04-06 22:28:57,871 [myid:] - INFO  [main:o.a.z.s.ZooKeeperServer@1533] - The max bytes for all large requests are set to 104857600
2022-04-06 22:28:57,871 [myid:] - INFO  [main:o.a.z.s.ZooKeeperServer@1547] - The large request threshold is set to -1
2022-04-06 22:28:57,872 [myid:] - INFO  [main:o.a.z.s.AuthenticationHelper@66] - zookeeper.enforce.auth.enabled = false
2022-04-06 22:28:57,872 [myid:] - INFO  [main:o.a.z.s.AuthenticationHelper@67] - zookeeper.enforce.auth.schemes = []
2022-04-06 22:28:57,872 [myid:] - INFO  [main:o.a.z.s.ZooKeeperServer@365] - Created server with tickTime 2000 ms minSessionTimeout 4000 ms maxSessionTimeout 40000 ms clientPortListenBacklog -1 datadir ../../zookeeper/data/version-2 snapdir ../../zookeeper/data/version-2
2022-04-06 22:28:57,904 [myid:] - INFO  [main:o.e.j.u.l.Log@170] - Logging initialized @744ms to org.eclipse.jetty.util.log.Slf4jLog
2022-04-06 22:28:57,980 [myid:] - WARN  [main:o.e.j.s.h.ContextHandler@1656] - o.e.j.s.ServletContextHandler@2b91004a{/,null,STOPPED} contextPath ends with /*
2022-04-06 22:28:57,981 [myid:] - WARN  [main:o.e.j.s.h.ContextHandler@1667] - Empty contextPath
2022-04-06 22:28:58,007 [myid:] - INFO  [main:o.e.j.s.Server@375] - jetty-9.4.43.v20210629; built: 2021-06-30T11:07:22.254Z; git: 526006ecfa3af7f1a27ef3a288e2bef7ea9dd7e8; jvm 12.0.1+12
2022-04-06 22:28:58,035 [myid:] - INFO  [main:o.e.j.s.s.DefaultSessionIdManager@334] - DefaultSessionIdManager workerName=node0
2022-04-06 22:28:58,035 [myid:] - INFO  [main:o.e.j.s.s.DefaultSessionIdManager@339] - No SessionScavenger set, using defaults
2022-04-06 22:28:58,037 [myid:] - INFO  [main:o.e.j.s.s.HouseKeeper@132] - node0 Scavenging every 660000ms
2022-04-06 22:28:58,040 [myid:] - WARN  [main:o.e.j.s.ConstraintSecurityHandler@759] - ServletContext@o.e.j.s.ServletContextHandler@2b91004a{/,null,STARTING} has uncovered http methods for path: /*
2022-04-06 22:28:58,049 [myid:] - INFO  [main:o.e.j.s.h.ContextHandler@915] - Started o.e.j.s.ServletContextHandler@2b91004a{/,null,AVAILABLE}
2022-04-06 22:28:58,065 [myid:] - INFO  [main:o.e.j.s.AbstractConnector@331] - Started ServerConnector@26275bef{HTTP/1.1, (http/1.1)}{0.0.0.0:8080}
2022-04-06 22:28:58,066 [myid:] - INFO  [main:o.e.j.s.Server@415] - Started @905ms
2022-04-06 22:28:58,066 [myid:] - INFO  [main:o.a.z.s.a.JettyAdminServer@196] - Started AdminServer on address 0.0.0.0, port 8080 and command URL /commands
2022-04-06 22:28:58,071 [myid:] - INFO  [main:o.a.z.s.ServerCnxnFactory@169] - Using org.apache.zookeeper.server.NIOServerCnxnFactory as server connection factory
2022-04-06 22:28:58,072 [myid:] - WARN  [main:o.a.z.s.ServerCnxnFactory@309] - maxCnxns is not configured, using default value 0.
2022-04-06 22:28:58,074 [myid:] - INFO  [main:o.a.z.s.NIOServerCnxnFactory@652] - Configuring NIO connection handler with 10s sessionless connection timeout, 2 selector thread(s), 16 worker threads, and 64 kB direct buffers.
2022-04-06 22:28:58,075 [myid:] - INFO  [main:o.a.z.s.NIOServerCnxnFactory@660] - binding to port 0.0.0.0/0.0.0.0:2181
2022-04-06 22:28:58,090 [myid:] - INFO  [main:o.a.z.s.w.WatchManagerFactory@42] - Using org.apache.zookeeper.server.watch.WatchManager as watch manager
2022-04-06 22:28:58,090 [myid:] - INFO  [main:o.a.z.s.w.WatchManagerFactory@42] - Using org.apache.zookeeper.server.watch.WatchManager as watch manager
2022-04-06 22:28:58,091 [myid:] - INFO  [main:o.a.z.s.ZKDatabase@132] - zookeeper.snapshotSizeFactor = 0.33
2022-04-06 22:28:58,091 [myid:] - INFO  [main:o.a.z.s.ZKDatabase@152] - zookeeper.commitLogCount=500
2022-04-06 22:28:58,096 [myid:] - INFO  [main:o.a.z.s.p.SnapStream@61] - zookeeper.snapshot.compression.method = CHECKED
2022-04-06 22:28:58,097 [myid:] - INFO  [main:o.a.z.s.p.FileSnap@85] - Reading snapshot ../../zookeeper/data/version-2/snapshot.0
2022-04-06 22:28:58,101 [myid:] - INFO  [main:o.a.z.s.DataTree@1712] - The digest value is empty in snapshot
2022-04-06 22:28:58,103 [myid:] - INFO  [main:o.a.z.s.ZKDatabase@289] - Snapshot loaded in 11 ms, highest zxid is 0x0, digest is 1371985504
2022-04-06 22:28:58,104 [myid:] - INFO  [main:o.a.z.s.p.FileTxnSnapLog@479] - Snapshotting: 0x0 to ../../zookeeper/data/version-2/snapshot.0
2022-04-06 22:28:58,106 [myid:] - INFO  [main:o.a.z.s.ZooKeeperServer@547] - Snapshot taken in 2 ms
2022-04-06 22:28:58,116 [myid:] - INFO  [ProcessThread(sid:0 cport:2181)::o.a.z.s.PrepRequestProcessor@138] - PrepRequestProcessor (sid:0) started, reconfigEnabled=false
2022-04-06 22:28:58,116 [myid:] - INFO  [main:o.a.z.s.RequestThrottler@75] - zookeeper.request_throttler.shutdownTimeout = 10000 ms
2022-04-06 22:28:58,129 [myid:] - INFO  [main:o.a.z.s.ContainerManager@84] - Using checkIntervalMs=60000 maxPerMinute=10000 maxNeverUsedIntervalMs=0
2022-04-06 22:28:58,130 [myid:] - INFO  [main:o.a.z.a.ZKAuditProvider@42] - ZooKeeper audit is disabled.
2022-04-06 22:29:12,579 [myid:] - INFO  [SyncThread:0:o.a.z.s.p.FileTxnLog@285] - Creating new log file: log.1
2022-04-07 06:49:38,939 [myid:] - WARN  [NIOWorkerThread-6:o.a.z.s.NIOServerCnxn@371] - Unexpected exception
org.apache.zookeeper.server.ServerCnxn$EndOfStreamException: Unable to read additional data from client, it probably closed the socket: address = /0:0:0:0:0:0:0:1:61138, session = 0x1000ca4baa20001
	at org.apache.zookeeper.server.NIOServerCnxn.handleFailedRead(NIOServerCnxn.java:170)
	at org.apache.zookeeper.server.NIOServerCnxn.doIO(NIOServerCnxn.java:333)
	at org.apache.zookeeper.server.NIOServerCnxnFactory$IOWorkRequest.doWork(NIOServerCnxnFactory.java:508)
	at org.apache.zookeeper.server.WorkerService$ScheduledWorkRequest.run(WorkerService.java:153)
	at java.base/java.util.concurrent.ThreadPoolExecutor.runWorker(ThreadPoolExecutor.java:1128)
	at java.base/java.util.concurrent.ThreadPoolExecutor$Worker.run(ThreadPoolExecutor.java:628)
	at java.base/java.lang.Thread.run(Thread.java:835)
2022-04-07 07:56:37,668 [myid:] - INFO  [SessionTracker:o.a.z.s.ZooKeeperServer@632] - Expiring session 0x1000ca4baa20001, timeout of 30000ms exceeded
2022-04-07 07:56:44,072 [myid:] - INFO  [NIOWorkerThread-5:o.a.z.s.ZooKeeperServer@1087] - Invalid session 0x1000ca4baa20001 for client /127.0.0.1:61460, probably expired
2022-04-08 13:41:05,310 [myid:] - WARN  [NIOWorkerThread-11:o.a.z.s.NIOServerCnxn@371] - Unexpected exception
org.apache.zookeeper.server.ServerCnxn$EndOfStreamException: Unable to read additional data from client, it probably closed the socket: address = /0:0:0:0:0:0:0:1:62536, session = 0x1000ca4baa20003
	at org.apache.zookeeper.server.NIOServerCnxn.handleFailedRead(NIOServerCnxn.java:170)
	at org.apache.zookeeper.server.NIOServerCnxn.doIO(NIOServerCnxn.java:333)
	at org.apache.zookeeper.server.NIOServerCnxnFactory$IOWorkRequest.doWork(NIOServerCnxnFactory.java:508)
	at org.apache.zookeeper.server.WorkerService$ScheduledWorkRequest.run(WorkerService.java:153)
	at java.base/java.util.concurrent.ThreadPoolExecutor.runWorker(ThreadPoolExecutor.java:1128)
	at java.base/java.util.concurrent.ThreadPoolExecutor$Worker.run(ThreadPoolExecutor.java:628)
	at java.base/java.lang.Thread.run(Thread.java:835)
2022-04-08 13:58:34,206 [myid:] - WARN  [NIOWorkerThread-12:o.a.z.s.NIOServerCnxn@371] - Unexpected exception
org.apache.zookeeper.server.ServerCnxn$EndOfStreamException: Unable to read additional data from client, it probably closed the socket: address = /127.0.0.1:53605, session = 0x1000ca4baa20003
	at org.apache.zookeeper.server.NIOServerCnxn.handleFailedRead(NIOServerCnxn.java:170)
	at org.apache.zookeeper.server.NIOServerCnxn.doIO(NIOServerCnxn.java:333)
	at org.apache.zookeeper.server.NIOServerCnxnFactory$IOWorkRequest.doWork(NIOServerCnxnFactory.java:508)
	at org.apache.zookeeper.server.WorkerService$ScheduledWorkRequest.run(WorkerService.java:153)
	at java.base/java.util.concurrent.ThreadPoolExecutor.runWorker(ThreadPoolExecutor.java:1128)
	at java.base/java.util.concurrent.ThreadPoolExecutor$Worker.run(ThreadPoolExecutor.java:628)
	at java.base/java.lang.Thread.run(Thread.java:835)
